<?xml version="1.0" encoding="utf-8"?>
<assemblies timestamp="08/15/2019 18:02:24">
  <assembly name="C:\Repos\git\Epinova\epinova.elasticsearch-github\Epinova.Elasticsearch\tests\Core.Tests\bin\Core.Tests.DLL" environment="64-bit .NET 4.0.30319.42000 [collection-per-class, non-parallel]" test-framework="xUnit.net 2.1.0.3179" run-date="2019-08-15" run-time="18:02:09" config-file="C:\Repos\git\Epinova\epinova.elasticsearch-github\Epinova.Elasticsearch\tests\Core.Tests\bin\Core.Tests.dll.config" total="378" passed="378" failed="0" skipped="0" time="5.998" errors="0">
    <errors />
    <collection total="7" passed="7" failed="0" skipped="0" name="Test collection for Core.Tests.Utilities.AnalyzersTests" time="0.813">
      <test name="Core.Tests.Utilities.AnalyzersTests.GetAnalyzerSettings_French_AddsElisionFilter" type="Core.Tests.Utilities.AnalyzersTests" method="GetAnalyzerSettings_French_AddsElisionFilter" time="0.7811398" result="Pass" />
      <test name="Core.Tests.Utilities.AnalyzersTests.GetAnalyzerSettings_SpecialLanguage_SetsLightStemmer(langCode: \&quot;fr\&quot;, expectedStemmer: \&quot;light_french\&quot;)" type="Core.Tests.Utilities.AnalyzersTests" method="GetAnalyzerSettings_SpecialLanguage_SetsLightStemmer" time="0.0065467" result="Pass" />
      <test name="Core.Tests.Utilities.AnalyzersTests.GetAnalyzerSettings_SpecialLanguage_SetsLightStemmer(langCode: \&quot;de\&quot;, expectedStemmer: \&quot;light_german\&quot;)" type="Core.Tests.Utilities.AnalyzersTests" method="GetAnalyzerSettings_SpecialLanguage_SetsLightStemmer" time="0.0036905" result="Pass" />
      <test name="Core.Tests.Utilities.AnalyzersTests.GetAnalyzerSettings_SynonymsFilePath_SetsSynonymsPath" type="Core.Tests.Utilities.AnalyzersTests" method="GetAnalyzerSettings_SynonymsFilePath_SetsSynonymsPath" time="0.0087195" result="Pass" />
      <test name="Core.Tests.Utilities.AnalyzersTests.GetAnalyzerSettings_German_AddsNormalizationFilter" type="Core.Tests.Utilities.AnalyzersTests" method="GetAnalyzerSettings_German_AddsNormalizationFilter" time="0.0036563" result="Pass" />
      <test name="Core.Tests.Utilities.AnalyzersTests.GetAnalyzerSettings_NoSynonymsFilePath_DoesNotSetSynonymsPath" type="Core.Tests.Utilities.AnalyzersTests" method="GetAnalyzerSettings_NoSynonymsFilePath_DoesNotSetSynonymsPath" time="0.005548" result="Pass" />
      <test name="Core.Tests.Utilities.AnalyzersTests.GetAnalyzerSettings_English_AddsPossessiveAndLightStemmer" type="Core.Tests.Utilities.AnalyzersTests" method="GetAnalyzerSettings_English_AddsPossessiveAndLightStemmer" time="0.003893" result="Pass" />
    </collection>
    <collection total="5" passed="5" failed="0" skipped="0" name="Test collection for Core.Tests.Utilities.ValidationTests" time="0.009">
      <test name="Core.Tests.Utilities.ValidationTests.EnsureNotNull_NullValue_Throws" type="Core.Tests.Utilities.ValidationTests" method="EnsureNotNull_NullValue_Throws" time="0.0034029" result="Pass" />
      <test name="Core.Tests.Utilities.ValidationTests.EnsureNotNullOrEmpty_ValidArray_DoesNotThrow" type="Core.Tests.Utilities.ValidationTests" method="EnsureNotNullOrEmpty_ValidArray_DoesNotThrow" time="0.0011316" result="Pass" />
      <test name="Core.Tests.Utilities.ValidationTests.EnsureNotNullOrEmpty_EmptyArray_Throws" type="Core.Tests.Utilities.ValidationTests" method="EnsureNotNullOrEmpty_EmptyArray_Throws" time="0.000925" result="Pass" />
      <test name="Core.Tests.Utilities.ValidationTests.EnsureNotNull_ValidString_DoesNotThrow" type="Core.Tests.Utilities.ValidationTests" method="EnsureNotNull_ValidString_DoesNotThrow" time="0.0003813" result="Pass" />
      <test name="Core.Tests.Utilities.ValidationTests.EnsureNotNullOrEmpty_NullValue_Throws" type="Core.Tests.Utilities.ValidationTests" method="EnsureNotNullOrEmpty_NullValue_Throws" time="0.0028667" result="Pass" />
    </collection>
    <collection total="227" passed="227" failed="0" skipped="0" name="ServiceLocatiorCollection" time="1.347">
      <test name="Core.Tests.CoreIndexerTests.Bulk_CallsClientPost" type="Core.Tests.CoreIndexerTests" method="Bulk_CallsClientPost" time="0.0988568" result="Pass" />
      <test name="Core.Tests.CoreIndexerTests.ClearBestBets_FiresAfterUpdateBestBetEvent" type="Core.Tests.CoreIndexerTests" method="ClearBestBets_FiresAfterUpdateBestBetEvent" time="0.0158928" result="Pass" />
      <test name="Core.Tests.CoreIndexerTests.Bulk_NullOperations_ReturnsEmptyResult" type="Core.Tests.CoreIndexerTests" method="Bulk_NullOperations_ReturnsEmptyResult" time="0.0028718" result="Pass" />
      <test name="Core.Tests.CoreIndexerTests.Bulk_ReturnsBatchResults" type="Core.Tests.CoreIndexerTests" method="Bulk_ReturnsBatchResults" time="0.0054803" result="Pass" />
      <test name="Core.Tests.CoreIndexerTests.Update_CallsClientPut" type="Core.Tests.CoreIndexerTests" method="Update_CallsClientPut" time="0.0290062" result="Pass" />
      <test name="Core.Tests.CoreIndexerTests.Update_UnknownIndex_Throws" type="Core.Tests.CoreIndexerTests" method="Update_UnknownIndex_Throws" time="0.0165706" result="Pass" />
      <test name="Core.Tests.CoreIndexerTests.Update_RefreshesIndex" type="Core.Tests.CoreIndexerTests" method="Update_RefreshesIndex" time="0.009129" result="Pass" />
      <test name="Core.Tests.CoreIndexerTests.Update_CallsBeforeUpdateItemEvent" type="Core.Tests.CoreIndexerTests" method="Update_CallsBeforeUpdateItemEvent" time="0.0136198" result="Pass" />
      <test name="Core.Tests.CoreIndexerTests.ClearBestBets_CallsClientPost" type="Core.Tests.CoreIndexerTests" method="ClearBestBets_CallsClientPost" time="0.0092805" result="Pass" />
      <test name="Core.Tests.CoreIndexerTests.UpdateBestBets_RefreshesIndex" type="Core.Tests.CoreIndexerTests" method="UpdateBestBets_RefreshesIndex" time="0.0358912" result="Pass" />
      <test name="Core.Tests.CoreIndexerTests.UpdateBestBets_CallsClientPost" type="Core.Tests.CoreIndexerTests" method="UpdateBestBets_CallsClientPost" time="0.0089155" result="Pass" />
      <test name="Core.Tests.CoreIndexerTests.Delete_CallsClientHeadAndDelete" type="Core.Tests.CoreIndexerTests" method="Delete_CallsClientHeadAndDelete" time="0.0186565" result="Pass" />
      <test name="Core.Tests.CoreIndexerTests.Update_WithTypes_CallsClientPut" type="Core.Tests.CoreIndexerTests" method="Update_WithTypes_CallsClientPut" time="0.015438" result="Pass" />
      <test name="Core.Tests.CoreIndexerTests.UpdateBestBets_FiresAfterUpdateBestBetEvent" type="Core.Tests.CoreIndexerTests" method="UpdateBestBets_FiresAfterUpdateBestBetEvent" time="0.0092683" result="Pass" />
      <test name="Core.Tests.CoreIndexerTests.Bulk_EmptyOperations_ReturnsEmptyResult" type="Core.Tests.CoreIndexerTests" method="Bulk_EmptyOperations_ReturnsEmptyResult" time="0.0042716" result="Pass" />
      <test name="Core.Tests.BulkOperationTests.Ctor_SetsData" type="Core.Tests.BulkOperationTests" method="Ctor_SetsData" time="0.0559847" result="Pass" />
      <test name="Core.Tests.BulkOperationTests.Ctor_SetsMetaDataDataType" type="Core.Tests.BulkOperationTests" method="Ctor_SetsMetaDataDataType" time="0.0083856" result="Pass" />
      <test name="Core.Tests.BulkOperationTests.Ctor_EmptyLanguageAndIndex_Throws" type="Core.Tests.BulkOperationTests" method="Ctor_EmptyLanguageAndIndex_Throws" time="0.0019782" result="Pass" />
      <test name="Core.Tests.BulkOperationTests.Ctor_TypeWithID_SetsMetaDataId" type="Core.Tests.BulkOperationTests" method="Ctor_TypeWithID_SetsMetaDataId" time="0.0115552" result="Pass" />
      <test name="Core.Tests.ElasticSearchServiceTests.SortBy_SetsCorrectDirection" type="Core.Tests.ElasticSearchServiceTests" method="SortBy_SetsCorrectDirection" time="0.0101309" result="Pass" />
      <test name="Core.Tests.ElasticSearchServiceTests.SortBy_GeoPoint_AddsCorrectSort" type="Core.Tests.ElasticSearchServiceTests" method="SortBy_GeoPoint_AddsCorrectSort" time="0.0030617" result="Pass" />
      <test name="Core.Tests.ElasticSearchServiceTests.Filter_SetsCorrectTypeForDateTime" type="Core.Tests.ElasticSearchServiceTests" method="Filter_SetsCorrectTypeForDateTime" time="0.0098803" result="Pass" />
      <test name="Core.Tests.ElasticSearchServiceTests.InField_AddsField" type="Core.Tests.ElasticSearchServiceTests" method="InField_AddsField" time="0.003845" result="Pass" />
      <test name="Core.Tests.ElasticSearchServiceTests.Filter_SetsCorrectTypeForFloat(value: -3,402823E+38)" type="Core.Tests.ElasticSearchServiceTests" method="Filter_SetsCorrectTypeForFloat" time="0.0040959" result="Pass" />
      <test name="Core.Tests.ElasticSearchServiceTests.Filter_SetsCorrectTypeForFloat(value: 3,402823E+38)" type="Core.Tests.ElasticSearchServiceTests" method="Filter_SetsCorrectTypeForFloat" time="0.0012897" result="Pass" />
      <test name="Core.Tests.ElasticSearchServiceTests.From_SetsFromValue(from: 1)" type="Core.Tests.ElasticSearchServiceTests" method="From_SetsFromValue" time="0.0051761" result="Pass" />
      <test name="Core.Tests.ElasticSearchServiceTests.From_SetsFromValue(from: 100)" type="Core.Tests.ElasticSearchServiceTests" method="From_SetsFromValue" time="0.0010183" result="Pass" />
      <test name="Core.Tests.ElasticSearchServiceTests.From_SetsFromValue(from: 1000)" type="Core.Tests.ElasticSearchServiceTests" method="From_SetsFromValue" time="0.0007217" result="Pass" />
      <test name="Core.Tests.ElasticSearchServiceTests.Take_SetsSizeValue(take: 1)" type="Core.Tests.ElasticSearchServiceTests" method="Take_SetsSizeValue" time="0.0021226" result="Pass" />
      <test name="Core.Tests.ElasticSearchServiceTests.Take_SetsSizeValue(take: 100)" type="Core.Tests.ElasticSearchServiceTests" method="Take_SetsSizeValue" time="0.0006803" result="Pass" />
      <test name="Core.Tests.ElasticSearchServiceTests.Take_SetsSizeValue(take: 1000)" type="Core.Tests.ElasticSearchServiceTests" method="Take_SetsSizeValue" time="0.0008209" result="Pass" />
      <test name="Core.Tests.ElasticSearchServiceTests.FilterGeoPolygon_SetsCorrectTypeAndCoords" type="Core.Tests.ElasticSearchServiceTests" method="FilterGeoPolygon_SetsCorrectTypeAndCoords" time="0.0132515" result="Pass" />
      <test name="Core.Tests.ElasticSearchServiceTests.FilterGeoDistance_SetsCorrectTypeAndCoords" type="Core.Tests.ElasticSearchServiceTests" method="FilterGeoDistance_SetsCorrectTypeAndCoords" time="0.0063502" result="Pass" />
      <test name="Core.Tests.ElasticSearchServiceTests.Skip_SetsFromValue(skip: 1)" type="Core.Tests.ElasticSearchServiceTests" method="Skip_SetsFromValue" time="0.0013454" result="Pass" />
      <test name="Core.Tests.ElasticSearchServiceTests.Skip_SetsFromValue(skip: 100)" type="Core.Tests.ElasticSearchServiceTests" method="Skip_SetsFromValue" time="0.0009683" result="Pass" />
      <test name="Core.Tests.ElasticSearchServiceTests.Skip_SetsFromValue(skip: 1000)" type="Core.Tests.ElasticSearchServiceTests" method="Skip_SetsFromValue" time="0.0008419" result="Pass" />
      <test name="Core.Tests.ElasticSearchServiceTests.Filter_SetsCorrectTypeForLong(value: -9223372036854775808)" type="Core.Tests.ElasticSearchServiceTests" method="Filter_SetsCorrectTypeForLong" time="0.0040468" result="Pass" />
      <test name="Core.Tests.ElasticSearchServiceTests.Filter_SetsCorrectTypeForLong(value: 9223372036854775807)" type="Core.Tests.ElasticSearchServiceTests" method="Filter_SetsCorrectTypeForLong" time="0.0011371" result="Pass" />
      <test name="Core.Tests.ElasticSearchServiceTests.SortByDescending_SetsCorrectDirection" type="Core.Tests.ElasticSearchServiceTests" method="SortByDescending_SetsCorrectDirection" time="0.001689" result="Pass" />
      <test name="Core.Tests.ElasticSearchServiceTests.Boost_AddsFieldIfValid(weight: 100, shouldAdd: True)" type="Core.Tests.ElasticSearchServiceTests" method="Boost_AddsFieldIfValid" time="0.0059504" result="Pass" />
      <test name="Core.Tests.ElasticSearchServiceTests.Boost_AddsFieldIfValid(weight: 1, shouldAdd: True)" type="Core.Tests.ElasticSearchServiceTests" method="Boost_AddsFieldIfValid" time="0.0009681" result="Pass" />
      <test name="Core.Tests.ElasticSearchServiceTests.Boost_AddsFieldIfValid(weight: 0, shouldAdd: False)" type="Core.Tests.ElasticSearchServiceTests" method="Boost_AddsFieldIfValid" time="0.0006983" result="Pass" />
      <test name="Core.Tests.ElasticSearchServiceTests.Filter_SetsCorrectTypeForBool(value: True)" type="Core.Tests.ElasticSearchServiceTests" method="Filter_SetsCorrectTypeForBool" time="0.003844" result="Pass" />
      <test name="Core.Tests.ElasticSearchServiceTests.Filter_SetsCorrectTypeForBool(value: False)" type="Core.Tests.ElasticSearchServiceTests" method="Filter_SetsCorrectTypeForBool" time="0.0009264" result="Pass" />
      <test name="Core.Tests.ElasticSearchServiceTests.Exclude_AddsRoot" type="Core.Tests.ElasticSearchServiceTests" method="Exclude_AddsRoot" time="0.0045654" result="Pass" />
      <test name="Core.Tests.ElasticSearchServiceTests.SortBy_CalledTwice_ThrowsUp" type="Core.Tests.ElasticSearchServiceTests" method="SortBy_CalledTwice_ThrowsUp" time="0.0030581" result="Pass" />
      <test name="Core.Tests.ElasticSearchServiceTests.Filter_SetsCorrectTypeForInteger(value: -2147483648)" type="Core.Tests.ElasticSearchServiceTests" method="Filter_SetsCorrectTypeForInteger" time="0.0035436" result="Pass" />
      <test name="Core.Tests.ElasticSearchServiceTests.Filter_SetsCorrectTypeForInteger(value: 2147483647)" type="Core.Tests.ElasticSearchServiceTests" method="Filter_SetsCorrectTypeForInteger" time="0.0009538" result="Pass" />
      <test name="Core.Tests.ElasticSearchServiceTests.FilterGeoBoundingBox_SetsCorrectTypeAndCoords" type="Core.Tests.ElasticSearchServiceTests" method="FilterGeoBoundingBox_SetsCorrectTypeAndCoords" time="0.0047912" result="Pass" />
      <test name="Core.Tests.ElasticSearchServiceTests.Get_SetsFlag" type="Core.Tests.ElasticSearchServiceTests" method="Get_SetsFlag" time="0.0063452" result="Pass" />
      <test name="Core.Tests.ElasticSearchServiceTests.StartFrom_AfterSearch_SetsCorrectRootId(root: 42)" type="Core.Tests.ElasticSearchServiceTests" method="StartFrom_AfterSearch_SetsCorrectRootId" time="0.0049028" result="Pass" />
      <test name="Core.Tests.ElasticSearchServiceTests.StartFrom_AfterSearch_SetsCorrectRootId(root: 1337)" type="Core.Tests.ElasticSearchServiceTests" method="StartFrom_AfterSearch_SetsCorrectRootId" time="0.0015467" result="Pass" />
      <test name="Core.Tests.ElasticSearchServiceTests.StartFrom_BeforeSearch_SetsCorrectRootId(root: 42)" type="Core.Tests.ElasticSearchServiceTests" method="StartFrom_BeforeSearch_SetsCorrectRootId" time="0.0021589" result="Pass" />
      <test name="Core.Tests.ElasticSearchServiceTests.StartFrom_BeforeSearch_SetsCorrectRootId(root: 1337)" type="Core.Tests.ElasticSearchServiceTests" method="StartFrom_BeforeSearch_SetsCorrectRootId" time="0.0011896" result="Pass" />
      <test name="Core.Tests.ElasticSearchServiceTests.Filter_SetsCorrectTypeForString(value: \&quot;foo\&quot;)" type="Core.Tests.ElasticSearchServiceTests" method="Filter_SetsCorrectTypeForString" time="0.003151" result="Pass" />
      <test name="Core.Tests.ElasticSearchServiceTests.Filter_SetsCorrectTypeForString(value: \&quot;bar\&quot;)" type="Core.Tests.ElasticSearchServiceTests" method="Filter_SetsCorrectTypeForString" time="0.0009148" result="Pass" />
      <test name="Core.Tests.ElasticSearchServiceTests.Filter_SetsCorrectTypeForString(value: \&quot;Lorem Ipsum Bacon\&quot;)" type="Core.Tests.ElasticSearchServiceTests" method="Filter_SetsCorrectTypeForString" time="0.0010085" result="Pass" />
      <test name="Core.Tests.ElasticSearchServiceTests.SortBy_SetsCorrectField" type="Core.Tests.ElasticSearchServiceTests" method="SortBy_SetsCorrectField" time="0.0030091" result="Pass" />
      <test name="Core.Tests.ElasticSearchServiceTests.SortByDescending_GeoPoint_AddsCorrectSort" type="Core.Tests.ElasticSearchServiceTests" method="SortByDescending_GeoPoint_AddsCorrectSort" time="0.0016219" result="Pass" />
      <test name="Core.Tests.ElasticSearchServiceTests.Size_SetsSizeValue(size: 1)" type="Core.Tests.ElasticSearchServiceTests" method="Size_SetsSizeValue" time="0.0009291" result="Pass" />
      <test name="Core.Tests.ElasticSearchServiceTests.Size_SetsSizeValue(size: 100)" type="Core.Tests.ElasticSearchServiceTests" method="Size_SetsSizeValue" time="0.0007379" result="Pass" />
      <test name="Core.Tests.ElasticSearchServiceTests.Size_SetsSizeValue(size: 1000)" type="Core.Tests.ElasticSearchServiceTests" method="Size_SetsSizeValue" time="0.0007744" result="Pass" />
      <test name="Core.Tests.ElasticSearchServiceTests.Filter_SetsCorrectTypeForDouble(value: -1,79769313486232E+308)" type="Core.Tests.ElasticSearchServiceTests" method="Filter_SetsCorrectTypeForDouble" time="0.0039919" result="Pass" />
      <test name="Core.Tests.ElasticSearchServiceTests.Filter_SetsCorrectTypeForDouble(value: 1,79769313486232E+308)" type="Core.Tests.ElasticSearchServiceTests" method="Filter_SetsCorrectTypeForDouble" time="0.0008843" result="Pass" />
      <test name="Core.Tests.ElasticSearchServiceTests.Exclude_NotRecursive_AddsCorrectRoot" type="Core.Tests.ElasticSearchServiceTests" method="Exclude_NotRecursive_AddsCorrectRoot" time="0.0018749" result="Pass" />
      <test name="Core.Tests.ElasticSearchServiceTests.InField_DuplicateFieldThrows" type="Core.Tests.ElasticSearchServiceTests" method="InField_DuplicateFieldThrows" time="0.0018239" result="Pass" />
      <test name="Core.Tests.Utilities.HttpClientHelperTests.TimeoutIsSet_SetsTimeout" type="Core.Tests.Utilities.HttpClientHelperTests" method="TimeoutIsSet_SetsTimeout" time="0.0704921" result="Pass" />
      <test name="Core.Tests.Utilities.HttpClientHelperTests.CredentialsIsSet_SetsAuthHeader" type="Core.Tests.Utilities.HttpClientHelperTests" method="CredentialsIsSet_SetsAuthHeader" time="0.0021091" result="Pass" />
      <test name="Core.Tests.Utilities.LanguageTests.GetPropertyMapping_ReturnsCorrectMappingForLanguage(language: \&quot;da\&quot;, isAnalyzable: True, expectedAnalyzer: \&quot;danish\&quot;)" type="Core.Tests.Utilities.LanguageTests" method="GetPropertyMapping_ReturnsCorrectMappingForLanguage" time="0.0028238" result="Pass" />
      <test name="Core.Tests.Utilities.LanguageTests.GetPropertyMapping_ReturnsCorrectMappingForLanguage(language: \&quot;en\&quot;, isAnalyzable: True, expectedAnalyzer: \&quot;english\&quot;)" type="Core.Tests.Utilities.LanguageTests" method="GetPropertyMapping_ReturnsCorrectMappingForLanguage" time="0.0003746" result="Pass" />
      <test name="Core.Tests.Utilities.LanguageTests.GetPropertyMapping_ReturnsCorrectMappingForLanguage(language: \&quot;fr\&quot;, isAnalyzable: True, expectedAnalyzer: \&quot;french\&quot;)" type="Core.Tests.Utilities.LanguageTests" method="GetPropertyMapping_ReturnsCorrectMappingForLanguage" time="0.0002639" result="Pass" />
      <test name="Core.Tests.Utilities.LanguageTests.GetPropertyMapping_ReturnsCorrectMappingForLanguage(language: \&quot;de\&quot;, isAnalyzable: True, expectedAnalyzer: \&quot;german\&quot;)" type="Core.Tests.Utilities.LanguageTests" method="GetPropertyMapping_ReturnsCorrectMappingForLanguage" time="0.0007165" result="Pass" />
      <test name="Core.Tests.Utilities.LanguageTests.GetPropertyMapping_ReturnsCorrectMappingForLanguage(language: \&quot;no\&quot;, isAnalyzable: True, expectedAnalyzer: \&quot;norwegian\&quot;)" type="Core.Tests.Utilities.LanguageTests" method="GetPropertyMapping_ReturnsCorrectMappingForLanguage" time="0.0003491" result="Pass" />
      <test name="Core.Tests.Utilities.LanguageTests.GetPropertyMapping_ReturnsCorrectMappingForLanguage(language: \&quot;es\&quot;, isAnalyzable: True, expectedAnalyzer: \&quot;spanish\&quot;)" type="Core.Tests.Utilities.LanguageTests" method="GetPropertyMapping_ReturnsCorrectMappingForLanguage" time="0.0003982" result="Pass" />
      <test name="Core.Tests.Utilities.LanguageTests.GetPropertyMapping_ReturnsCorrectMappingForLanguage(language: \&quot;sv\&quot;, isAnalyzable: True, expectedAnalyzer: \&quot;swedish\&quot;)" type="Core.Tests.Utilities.LanguageTests" method="GetPropertyMapping_ReturnsCorrectMappingForLanguage" time="0.0004192" result="Pass" />
      <test name="Core.Tests.Utilities.LanguageTests.GetPropertyMapping_ReturnsCorrectMappingForLanguage(language: \&quot;nl\&quot;, isAnalyzable: True, expectedAnalyzer: \&quot;dutch\&quot;)" type="Core.Tests.Utilities.LanguageTests" method="GetPropertyMapping_ReturnsCorrectMappingForLanguage" time="0.0004032" result="Pass" />
      <test name="Core.Tests.Utilities.LanguageTests.GetPropertyMapping_ReturnsCorrectMappingForLanguage(language: \&quot;sv\&quot;, isAnalyzable: False, expectedAnalyzer: null)" type="Core.Tests.Utilities.LanguageTests" method="GetPropertyMapping_ReturnsCorrectMappingForLanguage" time="0.0003149" result="Pass" />
      <test name="Core.Tests.Utilities.LanguageTests.GetLanguageCode_ReturnsCorrectCodeForCulture(cultureString: \&quot;da\&quot;, expectedCode: \&quot;da\&quot;)" type="Core.Tests.Utilities.LanguageTests" method="GetLanguageCode_ReturnsCorrectCodeForCulture" time="0.0016183" result="Pass" />
      <test name="Core.Tests.Utilities.LanguageTests.GetLanguageCode_ReturnsCorrectCodeForCulture(cultureString: \&quot;en-LR\&quot;, expectedCode: \&quot;en\&quot;)" type="Core.Tests.Utilities.LanguageTests" method="GetLanguageCode_ReturnsCorrectCodeForCulture" time="0.0002177" result="Pass" />
      <test name="Core.Tests.Utilities.LanguageTests.GetLanguageCode_ReturnsCorrectCodeForCulture(cultureString: \&quot;en-LS\&quot;, expectedCode: \&quot;en\&quot;)" type="Core.Tests.Utilities.LanguageTests" method="GetLanguageCode_ReturnsCorrectCodeForCulture" time="0.0001218" result="Pass" />
      <test name="Core.Tests.Utilities.LanguageTests.GetLanguageCode_ReturnsCorrectCodeForCulture(cultureString: \&quot;en-MG\&quot;, expectedCode: \&quot;en\&quot;)" type="Core.Tests.Utilities.LanguageTests" method="GetLanguageCode_ReturnsCorrectCodeForCulture" time="0.0002255" result="Pass" />
      <test name="Core.Tests.Utilities.LanguageTests.GetLanguageCode_ReturnsCorrectCodeForCulture(cultureString: \&quot;en-MH\&quot;, expectedCode: \&quot;en\&quot;)" type="Core.Tests.Utilities.LanguageTests" method="GetLanguageCode_ReturnsCorrectCodeForCulture" time="0.0001242" result="Pass" />
      <test name="Core.Tests.Utilities.LanguageTests.GetLanguageCode_ReturnsCorrectCodeForCulture(cultureString: \&quot;en-MO\&quot;, expectedCode: \&quot;en\&quot;)" type="Core.Tests.Utilities.LanguageTests" method="GetLanguageCode_ReturnsCorrectCodeForCulture" time="0.0001394" result="Pass" />
      <test name="Core.Tests.Utilities.LanguageTests.GetLanguageCode_ReturnsCorrectCodeForCulture(cultureString: \&quot;en-MP\&quot;, expectedCode: \&quot;en\&quot;)" type="Core.Tests.Utilities.LanguageTests" method="GetLanguageCode_ReturnsCorrectCodeForCulture" time="0.000198" result="Pass" />
      <test name="Core.Tests.Utilities.LanguageTests.GetLanguageCode_ReturnsCorrectCodeForCulture(cultureString: \&quot;en-MS\&quot;, expectedCode: \&quot;en\&quot;)" type="Core.Tests.Utilities.LanguageTests" method="GetLanguageCode_ReturnsCorrectCodeForCulture" time="0.0001683" result="Pass" />
      <test name="Core.Tests.Utilities.LanguageTests.GetLanguageCode_ReturnsCorrectCodeForCulture(cultureString: \&quot;en-MT\&quot;, expectedCode: \&quot;en\&quot;)" type="Core.Tests.Utilities.LanguageTests" method="GetLanguageCode_ReturnsCorrectCodeForCulture" time="0.0001827" result="Pass" />
      <test name="Core.Tests.Utilities.LanguageTests.GetLanguageCode_ReturnsCorrectCodeForCulture(cultureString: \&quot;en-MU\&quot;, expectedCode: \&quot;en\&quot;)" type="Core.Tests.Utilities.LanguageTests" method="GetLanguageCode_ReturnsCorrectCodeForCulture" time="0.000186" result="Pass" />
      <test name="Core.Tests.Utilities.LanguageTests.GetLanguageCode_ReturnsCorrectCodeForCulture(cultureString: \&quot;en-MW\&quot;, expectedCode: \&quot;en\&quot;)" type="Core.Tests.Utilities.LanguageTests" method="GetLanguageCode_ReturnsCorrectCodeForCulture" time="0.0001232" result="Pass" />
      <test name="Core.Tests.Utilities.LanguageTests.GetLanguageCode_ReturnsCorrectCodeForCulture(cultureString: \&quot;en-LC\&quot;, expectedCode: \&quot;en\&quot;)" type="Core.Tests.Utilities.LanguageTests" method="GetLanguageCode_ReturnsCorrectCodeForCulture" time="0.0002507" result="Pass" />
      <test name="Core.Tests.Utilities.LanguageTests.GetLanguageCode_ReturnsCorrectCodeForCulture(cultureString: \&quot;en-MY\&quot;, expectedCode: \&quot;en\&quot;)" type="Core.Tests.Utilities.LanguageTests" method="GetLanguageCode_ReturnsCorrectCodeForCulture" time="0.0002201" result="Pass" />
      <test name="Core.Tests.Utilities.LanguageTests.GetLanguageCode_ReturnsCorrectCodeForCulture(cultureString: \&quot;en-NF\&quot;, expectedCode: \&quot;en\&quot;)" type="Core.Tests.Utilities.LanguageTests" method="GetLanguageCode_ReturnsCorrectCodeForCulture" time="0.0001604" result="Pass" />
      <test name="Core.Tests.Utilities.LanguageTests.GetLanguageCode_ReturnsCorrectCodeForCulture(cultureString: \&quot;fr\&quot;, expectedCode: \&quot;fr\&quot;)" type="Core.Tests.Utilities.LanguageTests" method="GetLanguageCode_ReturnsCorrectCodeForCulture" time="0.0002342" result="Pass" />
      <test name="Core.Tests.Utilities.LanguageTests.GetLanguageCode_ReturnsCorrectCodeForCulture(cultureString: \&quot;fr-029\&quot;, expectedCode: \&quot;fr\&quot;)" type="Core.Tests.Utilities.LanguageTests" method="GetLanguageCode_ReturnsCorrectCodeForCulture" time="0.0002225" result="Pass" />
      <test name="Core.Tests.Utilities.LanguageTests.GetLanguageCode_ReturnsCorrectCodeForCulture(cultureString: \&quot;fr-BE\&quot;, expectedCode: \&quot;fr\&quot;)" type="Core.Tests.Utilities.LanguageTests" method="GetLanguageCode_ReturnsCorrectCodeForCulture" time="0.0002188" result="Pass" />
      <test name="Core.Tests.Utilities.LanguageTests.GetLanguageCode_ReturnsCorrectCodeForCulture(cultureString: \&quot;fr-BF\&quot;, expectedCode: \&quot;fr\&quot;)" type="Core.Tests.Utilities.LanguageTests" method="GetLanguageCode_ReturnsCorrectCodeForCulture" time="0.000152" result="Pass" />
      <test name="Core.Tests.Utilities.LanguageTests.GetLanguageCode_ReturnsCorrectCodeForCulture(cultureString: \&quot;de\&quot;, expectedCode: \&quot;de\&quot;)" type="Core.Tests.Utilities.LanguageTests" method="GetLanguageCode_ReturnsCorrectCodeForCulture" time="0.0001747" result="Pass" />
      <test name="Core.Tests.Utilities.LanguageTests.GetLanguageCode_ReturnsCorrectCodeForCulture(cultureString: \&quot;de-AT\&quot;, expectedCode: \&quot;de\&quot;)" type="Core.Tests.Utilities.LanguageTests" method="GetLanguageCode_ReturnsCorrectCodeForCulture" time="0.0001388" result="Pass" />
      <test name="Core.Tests.Utilities.LanguageTests.GetLanguageCode_ReturnsCorrectCodeForCulture(cultureString: \&quot;de-BE\&quot;, expectedCode: \&quot;de\&quot;)" type="Core.Tests.Utilities.LanguageTests" method="GetLanguageCode_ReturnsCorrectCodeForCulture" time="0.000375" result="Pass" />
      <test name="Core.Tests.Utilities.LanguageTests.GetLanguageCode_ReturnsCorrectCodeForCulture(cultureString: \&quot;es\&quot;, expectedCode: \&quot;es\&quot;)" type="Core.Tests.Utilities.LanguageTests" method="GetLanguageCode_ReturnsCorrectCodeForCulture" time="0.0001458" result="Pass" />
      <test name="Core.Tests.Utilities.LanguageTests.GetLanguageCode_ReturnsCorrectCodeForCulture(cultureString: \&quot;es-419\&quot;, expectedCode: \&quot;es\&quot;)" type="Core.Tests.Utilities.LanguageTests" method="GetLanguageCode_ReturnsCorrectCodeForCulture" time="0.0002073" result="Pass" />
      <test name="Core.Tests.Utilities.LanguageTests.GetLanguageCode_ReturnsCorrectCodeForCulture(cultureString: \&quot;en-NA\&quot;, expectedCode: \&quot;en\&quot;)" type="Core.Tests.Utilities.LanguageTests" method="GetLanguageCode_ReturnsCorrectCodeForCulture" time="0.0002033" result="Pass" />
      <test name="Core.Tests.Utilities.LanguageTests.GetLanguageCode_ReturnsCorrectCodeForCulture(cultureString: \&quot;es-AR\&quot;, expectedCode: \&quot;es\&quot;)" type="Core.Tests.Utilities.LanguageTests" method="GetLanguageCode_ReturnsCorrectCodeForCulture" time="0.0001587" result="Pass" />
      <test name="Core.Tests.Utilities.LanguageTests.GetLanguageCode_ReturnsCorrectCodeForCulture(cultureString: \&quot;sv-SE\&quot;, expectedCode: \&quot;sv\&quot;)" type="Core.Tests.Utilities.LanguageTests" method="GetLanguageCode_ReturnsCorrectCodeForCulture" time="0.0001987" result="Pass" />
      <test name="Core.Tests.Utilities.LanguageTests.GetLanguageCode_ReturnsCorrectCodeForCulture(cultureString: \&quot;sv-AX\&quot;, expectedCode: \&quot;sv\&quot;)" type="Core.Tests.Utilities.LanguageTests" method="GetLanguageCode_ReturnsCorrectCodeForCulture" time="0.0002016" result="Pass" />
      <test name="Core.Tests.Utilities.LanguageTests.GetLanguageCode_ReturnsCorrectCodeForCulture(cultureString: \&quot;da-DK\&quot;, expectedCode: \&quot;da\&quot;)" type="Core.Tests.Utilities.LanguageTests" method="GetLanguageCode_ReturnsCorrectCodeForCulture" time="0.0001981" result="Pass" />
      <test name="Core.Tests.Utilities.LanguageTests.GetLanguageCode_ReturnsCorrectCodeForCulture(cultureString: \&quot;en\&quot;, expectedCode: \&quot;en\&quot;)" type="Core.Tests.Utilities.LanguageTests" method="GetLanguageCode_ReturnsCorrectCodeForCulture" time="0.0001151" result="Pass" />
      <test name="Core.Tests.Utilities.LanguageTests.GetLanguageCode_ReturnsCorrectCodeForCulture(cultureString: \&quot;en-GB\&quot;, expectedCode: \&quot;en\&quot;)" type="Core.Tests.Utilities.LanguageTests" method="GetLanguageCode_ReturnsCorrectCodeForCulture" time="0.0002811" result="Pass" />
      <test name="Core.Tests.Utilities.LanguageTests.GetLanguageCode_ReturnsCorrectCodeForCulture(cultureString: \&quot;en-US\&quot;, expectedCode: \&quot;en\&quot;)" type="Core.Tests.Utilities.LanguageTests" method="GetLanguageCode_ReturnsCorrectCodeForCulture" time="0.000108" result="Pass" />
      <test name="Core.Tests.Utilities.LanguageTests.GetLanguageCode_ReturnsCorrectCodeForCulture(cultureString: \&quot;pt\&quot;, expectedCode: \&quot;pt\&quot;)" type="Core.Tests.Utilities.LanguageTests" method="GetLanguageCode_ReturnsCorrectCodeForCulture" time="0.0001533" result="Pass" />
      <test name="Core.Tests.Utilities.LanguageTests.GetLanguageCode_ReturnsCorrectCodeForCulture(cultureString: \&quot;pt-BR\&quot;, expectedCode: \&quot;pt\&quot;)" type="Core.Tests.Utilities.LanguageTests" method="GetLanguageCode_ReturnsCorrectCodeForCulture" time="0.0001167" result="Pass" />
      <test name="Core.Tests.Utilities.LanguageTests.GetLanguageCode_ReturnsCorrectCodeForCulture(cultureString: \&quot;no\&quot;, expectedCode: \&quot;no\&quot;)" type="Core.Tests.Utilities.LanguageTests" method="GetLanguageCode_ReturnsCorrectCodeForCulture" time="0.0001691" result="Pass" />
      <test name="Core.Tests.Utilities.LanguageTests.GetLanguageCode_ReturnsCorrectCodeForCulture(cultureString: \&quot;nb-NO\&quot;, expectedCode: \&quot;no\&quot;)" type="Core.Tests.Utilities.LanguageTests" method="GetLanguageCode_ReturnsCorrectCodeForCulture" time="0.0001896" result="Pass" />
      <test name="Core.Tests.Utilities.LanguageTests.GetLanguageCode_ReturnsCorrectCodeForCulture(cultureString: \&quot;nb-SJ\&quot;, expectedCode: \&quot;no\&quot;)" type="Core.Tests.Utilities.LanguageTests" method="GetLanguageCode_ReturnsCorrectCodeForCulture" time="0.000306" result="Pass" />
      <test name="Core.Tests.Utilities.LanguageTests.GetLanguageCode_ReturnsCorrectCodeForCulture(cultureString: \&quot;nb\&quot;, expectedCode: \&quot;no\&quot;)" type="Core.Tests.Utilities.LanguageTests" method="GetLanguageCode_ReturnsCorrectCodeForCulture" time="0.0001107" result="Pass" />
      <test name="Core.Tests.Utilities.LanguageTests.GetLanguageCode_ReturnsCorrectCodeForCulture(cultureString: \&quot;sv-FI\&quot;, expectedCode: \&quot;sv\&quot;)" type="Core.Tests.Utilities.LanguageTests" method="GetLanguageCode_ReturnsCorrectCodeForCulture" time="0.0002926" result="Pass" />
      <test name="Core.Tests.Utilities.LanguageTests.GetLanguageCode_ReturnsCorrectCodeForCulture(cultureString: \&quot;nb-NO\&quot;, expectedCode: \&quot;no\&quot;)" type="Core.Tests.Utilities.LanguageTests" method="GetLanguageCode_ReturnsCorrectCodeForCulture" time="0.0000885" result="Pass" />
      <test name="Core.Tests.Utilities.LanguageTests.GetLanguageCode_ReturnsCorrectCodeForCulture(cultureString: \&quot;nn-NO\&quot;, expectedCode: \&quot;no\&quot;)" type="Core.Tests.Utilities.LanguageTests" method="GetLanguageCode_ReturnsCorrectCodeForCulture" time="0.0001772" result="Pass" />
      <test name="Core.Tests.Utilities.LanguageTests.GetLanguageCode_ReturnsCorrectCodeForCulture(cultureString: \&quot;nl\&quot;, expectedCode: \&quot;nl\&quot;)" type="Core.Tests.Utilities.LanguageTests" method="GetLanguageCode_ReturnsCorrectCodeForCulture" time="0.0001905" result="Pass" />
      <test name="Core.Tests.Utilities.LanguageTests.GetLanguageCode_ReturnsCorrectCodeForCulture(cultureString: \&quot;nl-AW\&quot;, expectedCode: \&quot;nl\&quot;)" type="Core.Tests.Utilities.LanguageTests" method="GetLanguageCode_ReturnsCorrectCodeForCulture" time="0.0002064" result="Pass" />
      <test name="Core.Tests.Utilities.LanguageTests.GetLanguageCode_ReturnsCorrectCodeForCulture(cultureString: \&quot;nl-BE\&quot;, expectedCode: \&quot;nl\&quot;)" type="Core.Tests.Utilities.LanguageTests" method="GetLanguageCode_ReturnsCorrectCodeForCulture" time="0.0001784" result="Pass" />
      <test name="Core.Tests.Utilities.LanguageTests.GetLanguageCode_ReturnsCorrectCodeForCulture(cultureString: \&quot;nl-BQ\&quot;, expectedCode: \&quot;nl\&quot;)" type="Core.Tests.Utilities.LanguageTests" method="GetLanguageCode_ReturnsCorrectCodeForCulture" time="0.0001156" result="Pass" />
      <test name="Core.Tests.Utilities.LanguageTests.GetLanguageCode_ReturnsCorrectCodeForCulture(cultureString: \&quot;nl-CW\&quot;, expectedCode: \&quot;nl\&quot;)" type="Core.Tests.Utilities.LanguageTests" method="GetLanguageCode_ReturnsCorrectCodeForCulture" time="0.0001291" result="Pass" />
      <test name="Core.Tests.Utilities.LanguageTests.GetLanguageCode_ReturnsCorrectCodeForCulture(cultureString: \&quot;nl-NL\&quot;, expectedCode: \&quot;nl\&quot;)" type="Core.Tests.Utilities.LanguageTests" method="GetLanguageCode_ReturnsCorrectCodeForCulture" time="0.0000872" result="Pass" />
      <test name="Core.Tests.Utilities.LanguageTests.GetLanguageCode_ReturnsCorrectCodeForCulture(cultureString: \&quot;nl-SR\&quot;, expectedCode: \&quot;nl\&quot;)" type="Core.Tests.Utilities.LanguageTests" method="GetLanguageCode_ReturnsCorrectCodeForCulture" time="0.0001328" result="Pass" />
      <test name="Core.Tests.Utilities.LanguageTests.GetLanguageCode_ReturnsCorrectCodeForCulture(cultureString: \&quot;nl-SX\&quot;, expectedCode: \&quot;nl\&quot;)" type="Core.Tests.Utilities.LanguageTests" method="GetLanguageCode_ReturnsCorrectCodeForCulture" time="0.0001662" result="Pass" />
      <test name="Core.Tests.Utilities.LanguageTests.GetLanguageCode_ReturnsCorrectCodeForCulture(cultureString: \&quot;sv\&quot;, expectedCode: \&quot;sv\&quot;)" type="Core.Tests.Utilities.LanguageTests" method="GetLanguageCode_ReturnsCorrectCodeForCulture" time="0.000106" result="Pass" />
      <test name="Core.Tests.Utilities.LanguageTests.GetLanguageCode_ReturnsCorrectCodeForCulture(cultureString: \&quot;nn\&quot;, expectedCode: \&quot;no\&quot;)" type="Core.Tests.Utilities.LanguageTests" method="GetLanguageCode_ReturnsCorrectCodeForCulture" time="0.0001151" result="Pass" />
      <test name="Core.Tests.Utilities.LanguageTests.GetLanguageCode_ReturnsCorrectCodeForCulture(cultureString: \&quot;es-BO\&quot;, expectedCode: \&quot;es\&quot;)" type="Core.Tests.Utilities.LanguageTests" method="GetLanguageCode_ReturnsCorrectCodeForCulture" time="0.0002174" result="Pass" />
      <test name="Core.Tests.Utilities.LanguageTests.GetLanguageCode_ReturnsAsteriskForInvariantCulture" type="Core.Tests.Utilities.LanguageTests" method="GetLanguageCode_ReturnsAsteriskForInvariantCulture" time="0.0006266" result="Pass" />
      <test name="Core.Tests.Utilities.LanguageTests.GetLanguageAnalyzer_ReturnsCorrectAnalyzerForLanguage(language: \&quot;da\&quot;, expectedAnalyzer: \&quot;danish\&quot;)" type="Core.Tests.Utilities.LanguageTests" method="GetLanguageAnalyzer_ReturnsCorrectAnalyzerForLanguage" time="0.0007656" result="Pass" />
      <test name="Core.Tests.Utilities.LanguageTests.GetLanguageAnalyzer_ReturnsCorrectAnalyzerForLanguage(language: \&quot;en\&quot;, expectedAnalyzer: \&quot;english\&quot;)" type="Core.Tests.Utilities.LanguageTests" method="GetLanguageAnalyzer_ReturnsCorrectAnalyzerForLanguage" time="0.000153" result="Pass" />
      <test name="Core.Tests.Utilities.LanguageTests.GetLanguageAnalyzer_ReturnsCorrectAnalyzerForLanguage(language: \&quot;fr\&quot;, expectedAnalyzer: \&quot;french\&quot;)" type="Core.Tests.Utilities.LanguageTests" method="GetLanguageAnalyzer_ReturnsCorrectAnalyzerForLanguage" time="0.0002078" result="Pass" />
      <test name="Core.Tests.Utilities.LanguageTests.GetLanguageAnalyzer_ReturnsCorrectAnalyzerForLanguage(language: \&quot;de\&quot;, expectedAnalyzer: \&quot;german\&quot;)" type="Core.Tests.Utilities.LanguageTests" method="GetLanguageAnalyzer_ReturnsCorrectAnalyzerForLanguage" time="0.0014738" result="Pass" />
      <test name="Core.Tests.Utilities.LanguageTests.GetLanguageAnalyzer_ReturnsCorrectAnalyzerForLanguage(language: \&quot;no\&quot;, expectedAnalyzer: \&quot;norwegian\&quot;)" type="Core.Tests.Utilities.LanguageTests" method="GetLanguageAnalyzer_ReturnsCorrectAnalyzerForLanguage" time="0.0002373" result="Pass" />
      <test name="Core.Tests.Utilities.LanguageTests.GetLanguageAnalyzer_ReturnsCorrectAnalyzerForLanguage(language: \&quot;es\&quot;, expectedAnalyzer: \&quot;spanish\&quot;)" type="Core.Tests.Utilities.LanguageTests" method="GetLanguageAnalyzer_ReturnsCorrectAnalyzerForLanguage" time="0.000246" result="Pass" />
      <test name="Core.Tests.Utilities.LanguageTests.GetLanguageAnalyzer_ReturnsCorrectAnalyzerForLanguage(language: \&quot;sv\&quot;, expectedAnalyzer: \&quot;swedish\&quot;)" type="Core.Tests.Utilities.LanguageTests" method="GetLanguageAnalyzer_ReturnsCorrectAnalyzerForLanguage" time="0.0001963" result="Pass" />
      <test name="Core.Tests.Utilities.LanguageTests.GetLanguageAnalyzer_ReturnsCorrectAnalyzerForLanguage(language: \&quot;nl\&quot;, expectedAnalyzer: \&quot;dutch\&quot;)" type="Core.Tests.Utilities.LanguageTests" method="GetLanguageAnalyzer_ReturnsCorrectAnalyzerForLanguage" time="0.0001427" result="Pass" />
      <test name="Core.Tests.Utilities.LanguageTests.GetLanguageAnalyzer_ReturnsCorrectAnalyzerForLanguage(language: null, expectedAnalyzer: null)" type="Core.Tests.Utilities.LanguageTests" method="GetLanguageAnalyzer_ReturnsCorrectAnalyzerForLanguage" time="0.0001172" result="Pass" />
      <test name="Core.Tests.Utilities.LanguageTests.GetLanguageAnalyzer_ReturnsCorrectAnalyzerForLanguage(language: \&quot;\&quot;, expectedAnalyzer: null)" type="Core.Tests.Utilities.LanguageTests" method="GetLanguageAnalyzer_ReturnsCorrectAnalyzerForLanguage" time="0.0000559" result="Pass" />
      <test name="Core.Tests.Utilities.LanguageTests.GetLanguageAnalyzer_ReturnsCorrectAnalyzerForLanguage(language: \&quot;foo\&quot;, expectedAnalyzer: null)" type="Core.Tests.Utilities.LanguageTests" method="GetLanguageAnalyzer_ReturnsCorrectAnalyzerForLanguage" time="0.0001188" result="Pass" />
      <test name="Core.Tests.Utilities.MappingTests.GetMappingType_ReturnsCorrectType(type: typeof(string), expectedType: Text)" type="Core.Tests.Utilities.MappingTests" method="GetMappingType_ReturnsCorrectType" time="0.0045572" result="Pass" />
      <test name="Core.Tests.Utilities.MappingTests.GetMappingType_ReturnsCorrectType(type: typeof(long?), expectedType: Long)" type="Core.Tests.Utilities.MappingTests" method="GetMappingType_ReturnsCorrectType" time="0.0003033" result="Pass" />
      <test name="Core.Tests.Utilities.MappingTests.GetMappingType_ReturnsCorrectType(type: typeof(long), expectedType: Long)" type="Core.Tests.Utilities.MappingTests" method="GetMappingType_ReturnsCorrectType" time="0.0001467" result="Pass" />
      <test name="Core.Tests.Utilities.MappingTests.GetMappingType_ReturnsCorrectType(type: typeof(short?), expectedType: Integer)" type="Core.Tests.Utilities.MappingTests" method="GetMappingType_ReturnsCorrectType" time="0.0012818" result="Pass" />
      <test name="Core.Tests.Utilities.MappingTests.GetMappingType_ReturnsCorrectType(type: typeof(short), expectedType: Integer)" type="Core.Tests.Utilities.MappingTests" method="GetMappingType_ReturnsCorrectType" time="0.0001365" result="Pass" />
      <test name="Core.Tests.Utilities.MappingTests.GetMappingType_ReturnsCorrectType(type: typeof(uint?), expectedType: Integer)" type="Core.Tests.Utilities.MappingTests" method="GetMappingType_ReturnsCorrectType" time="0.0001405" result="Pass" />
      <test name="Core.Tests.Utilities.MappingTests.GetMappingType_ReturnsCorrectType(type: typeof(uint), expectedType: Integer)" type="Core.Tests.Utilities.MappingTests" method="GetMappingType_ReturnsCorrectType" time="0.0001834" result="Pass" />
      <test name="Core.Tests.Utilities.MappingTests.GetMappingType_ReturnsCorrectType(type: typeof(byte?), expectedType: Integer)" type="Core.Tests.Utilities.MappingTests" method="GetMappingType_ReturnsCorrectType" time="0.0001961" result="Pass" />
      <test name="Core.Tests.Utilities.MappingTests.GetMappingType_ReturnsCorrectType(type: typeof(byte), expectedType: Integer)" type="Core.Tests.Utilities.MappingTests" method="GetMappingType_ReturnsCorrectType" time="0.0001786" result="Pass" />
      <test name="Core.Tests.Utilities.MappingTests.GetMappingType_ReturnsCorrectType(type: typeof(int?), expectedType: Integer)" type="Core.Tests.Utilities.MappingTests" method="GetMappingType_ReturnsCorrectType" time="0.0002354" result="Pass" />
      <test name="Core.Tests.Utilities.MappingTests.GetMappingType_ReturnsCorrectType(type: typeof(System.Attribute), expectedType: Text)" type="Core.Tests.Utilities.MappingTests" method="GetMappingType_ReturnsCorrectType" time="0.0002258" result="Pass" />
      <test name="Core.Tests.Utilities.MappingTests.GetMappingType_ReturnsCorrectType(type: typeof(int), expectedType: Integer)" type="Core.Tests.Utilities.MappingTests" method="GetMappingType_ReturnsCorrectType" time="0.0001318" result="Pass" />
      <test name="Core.Tests.Utilities.MappingTests.GetMappingType_ReturnsCorrectType(type: typeof(decimal), expectedType: Float)" type="Core.Tests.Utilities.MappingTests" method="GetMappingType_ReturnsCorrectType" time="0.0001065" result="Pass" />
      <test name="Core.Tests.Utilities.MappingTests.GetMappingType_ReturnsCorrectType(type: typeof(float?), expectedType: Float)" type="Core.Tests.Utilities.MappingTests" method="GetMappingType_ReturnsCorrectType" time="0.0002546" result="Pass" />
      <test name="Core.Tests.Utilities.MappingTests.GetMappingType_ReturnsCorrectType(type: typeof(float), expectedType: Float)" type="Core.Tests.Utilities.MappingTests" method="GetMappingType_ReturnsCorrectType" time="0.0002023" result="Pass" />
      <test name="Core.Tests.Utilities.MappingTests.GetMappingType_ReturnsCorrectType(type: typeof(double?), expectedType: Double)" type="Core.Tests.Utilities.MappingTests" method="GetMappingType_ReturnsCorrectType" time="0.0001765" result="Pass" />
      <test name="Core.Tests.Utilities.MappingTests.GetMappingType_ReturnsCorrectType(type: typeof(double), expectedType: Double)" type="Core.Tests.Utilities.MappingTests" method="GetMappingType_ReturnsCorrectType" time="0.0001708" result="Pass" />
      <test name="Core.Tests.Utilities.MappingTests.GetMappingType_ReturnsCorrectType(type: typeof(System.DateTime?), expectedType: Date)" type="Core.Tests.Utilities.MappingTests" method="GetMappingType_ReturnsCorrectType" time="0.0002795" result="Pass" />
      <test name="Core.Tests.Utilities.MappingTests.GetMappingType_ReturnsCorrectType(type: typeof(System.DateTime), expectedType: Date)" type="Core.Tests.Utilities.MappingTests" method="GetMappingType_ReturnsCorrectType" time="0.0002485" result="Pass" />
      <test name="Core.Tests.Utilities.MappingTests.GetMappingType_ReturnsCorrectType(type: typeof(bool?), expectedType: Boolean)" type="Core.Tests.Utilities.MappingTests" method="GetMappingType_ReturnsCorrectType" time="0.0001046" result="Pass" />
      <test name="Core.Tests.Utilities.MappingTests.GetMappingType_ReturnsCorrectType(type: typeof(bool), expectedType: Boolean)" type="Core.Tests.Utilities.MappingTests" method="GetMappingType_ReturnsCorrectType" time="0.0000854" result="Pass" />
      <test name="Core.Tests.Utilities.MappingTests.GetMappingType_ReturnsCorrectType(type: typeof(decimal?), expectedType: Float)" type="Core.Tests.Utilities.MappingTests" method="GetMappingType_ReturnsCorrectType" time="0.0001305" result="Pass" />
      <test name="Core.Tests.Utilities.MappingTests.GetMappingType_ReturnsCorrectType(type: typeof(TestData.TestPage), expectedType: Text)" type="Core.Tests.Utilities.MappingTests" method="GetMappingType_ReturnsCorrectType" time="0.0001564" result="Pass" />
      <test name="Core.Tests.Engine.QueryBuilderTests.Search_WithOperatorAnd_ReturnsExpectedJson" type="Core.Tests.Engine.QueryBuilderTests" method="Search_WithOperatorAnd_ReturnsExpectedJson" time="0.0969118" result="Pass" />
      <test name="Core.Tests.Engine.QueryBuilderTests.FacetFieldNames_AddsAggregation(field: \&quot;Foo\&quot;, type: Text, expectedKey: \&quot;Foo.keyword\&quot;)" type="Core.Tests.Engine.QueryBuilderTests" method="FacetFieldNames_AddsAggregation" time="0.0172375" result="Pass" />
      <test name="Core.Tests.Engine.QueryBuilderTests.FacetFieldNames_AddsAggregation(field: \&quot;Bar\&quot;, type: Integer, expectedKey: \&quot;Bar\&quot;)" type="Core.Tests.Engine.QueryBuilderTests" method="FacetFieldNames_AddsAggregation" time="0.0007067" result="Pass" />
      <test name="Core.Tests.Engine.QueryBuilderTests.Search_ScriptScore_ReturnsExpectedJson" type="Core.Tests.Engine.QueryBuilderTests" method="Search_ScriptScore_ReturnsExpectedJson" time="0.0660347" result="Pass" />
      <test name="Core.Tests.Engine.QueryBuilderTests.Filter_ReturnsExpectedJsonForDateTime" type="Core.Tests.Engine.QueryBuilderTests" method="Filter_ReturnsExpectedJsonForDateTime" time="0.0259068" result="Pass" />
      <test name="Core.Tests.Engine.QueryBuilderTests.Search_WithQuery_ReturnsExpectedJson(testFile: \&quot;Search_Term_Foo.json\&quot;, term: \&quot;Foo\&quot;)" type="Core.Tests.Engine.QueryBuilderTests" method="Search_WithQuery_ReturnsExpectedJson" time="0.0091652" result="Pass" />
      <test name="Core.Tests.Engine.QueryBuilderTests.Search_WithQuery_ReturnsExpectedJson(testFile: \&quot;Search_Term_Foo-Bar.json\&quot;, term: \&quot;Foo Bar\&quot;)" type="Core.Tests.Engine.QueryBuilderTests" method="Search_WithQuery_ReturnsExpectedJson" time="0.0069907" result="Pass" />
      <test name="Core.Tests.Engine.QueryBuilderTests.Filter_ReturnsExpectedJsonForDate" type="Core.Tests.Engine.QueryBuilderTests" method="Filter_ReturnsExpectedJsonForDate" time="0.0071233" result="Pass" />
      <test name="Core.Tests.Engine.QueryBuilderTests.TypedSearch_Object_ReturnsExpectedJson" type="Core.Tests.Engine.QueryBuilderTests" method="TypedSearch_Object_ReturnsExpectedJson" time="0.0089302" result="Pass" />
      <test name="Core.Tests.Engine.QueryBuilderTests.Search_FromOver10k_Throws" type="Core.Tests.Engine.QueryBuilderTests" method="Search_FromOver10k_Throws" time="0.0017418" result="Pass" />
      <test name="Core.Tests.Engine.QueryBuilderTests.GetQuery_AddsMatchAll" type="Core.Tests.Engine.QueryBuilderTests" method="GetQuery_AddsMatchAll" time="0.0016121" result="Pass" />
      <test name="Core.Tests.Engine.QueryBuilderTests.FilterACL_AddsBoolShoulds" type="Core.Tests.Engine.QueryBuilderTests" method="FilterACL_AddsBoolShoulds" time="0.0183956" result="Pass" />
      <test name="Core.Tests.Engine.QueryBuilderTests.Search_BoostedFields_AddsShouldMatch" type="Core.Tests.Engine.QueryBuilderTests" method="Search_BoostedFields_AddsShouldMatch" time="0.0410836" result="Pass" />
      <test name="Core.Tests.Engine.QueryBuilderTests.Filter_ReturnsExpectedJsonForLong(value: -9223372036854775808)" type="Core.Tests.Engine.QueryBuilderTests" method="Filter_ReturnsExpectedJsonForLong" time="0.008247" result="Pass" />
      <test name="Core.Tests.Engine.QueryBuilderTests.Filter_ReturnsExpectedJsonForLong(value: 9223372036854775807)" type="Core.Tests.Engine.QueryBuilderTests" method="Filter_ReturnsExpectedJsonForLong" time="0.0061755" result="Pass" />
      <test name="Core.Tests.Engine.QueryBuilderTests.Filter_ReturnsExpectedJsonForLong(value: 0)" type="Core.Tests.Engine.QueryBuilderTests" method="Filter_ReturnsExpectedJsonForLong" time="0.0066468" result="Pass" />
      <test name="Core.Tests.Engine.QueryBuilderTests.Filter_ReturnsExpectedJsonForLong(value: 1234)" type="Core.Tests.Engine.QueryBuilderTests" method="Filter_ReturnsExpectedJsonForLong" time="0.0065274" result="Pass" />
      <test name="Core.Tests.Engine.QueryBuilderTests.GetBoosting_TypeWithoutBoostAttribute_ReturnsNoItems" type="Core.Tests.Engine.QueryBuilderTests" method="GetBoosting_TypeWithoutBoostAttribute_ReturnsNoItems" time="0.0066435" result="Pass" />
      <test name="Core.Tests.Engine.QueryBuilderTests.Search_ExcludeField_AddsMustNotMatch" type="Core.Tests.Engine.QueryBuilderTests" method="Search_ExcludeField_AddsMustNotMatch" time="0.0029616" result="Pass" />
      <test name="Core.Tests.Engine.QueryBuilderTests.Filter_ReturnsExpectedJsonForDouble(value: 123456)" type="Core.Tests.Engine.QueryBuilderTests" method="Filter_ReturnsExpectedJsonForDouble" time="0.0083308" result="Pass" />
      <test name="Core.Tests.Engine.QueryBuilderTests.Filter_ReturnsExpectedJsonForDouble(value: -123456)" type="Core.Tests.Engine.QueryBuilderTests" method="Filter_ReturnsExpectedJsonForDouble" time="0.0053371" result="Pass" />
      <test name="Core.Tests.Engine.QueryBuilderTests.Search_Decay_ReturnsExpectedJson" type="Core.Tests.Engine.QueryBuilderTests" method="Search_Decay_ReturnsExpectedJson" time="0.0066243" result="Pass" />
      <test name="Core.Tests.Engine.QueryBuilderTests.Filter_ReturnsExpectedJsonForString(value: \&quot;Foo\&quot;)" type="Core.Tests.Engine.QueryBuilderTests" method="Filter_ReturnsExpectedJsonForString" time="0.0065941" result="Pass" />
      <test name="Core.Tests.Engine.QueryBuilderTests.Filter_ReturnsExpectedJsonForString(value: \&quot;LoremIpsumBaconOmgLongStringMkay\&quot;)" type="Core.Tests.Engine.QueryBuilderTests" method="Filter_ReturnsExpectedJsonForString" time="0.0057794" result="Pass" />
      <test name="Core.Tests.Engine.QueryBuilderTests.Search_ExcludeMultipleFields_AddsMustNotMatches" type="Core.Tests.Engine.QueryBuilderTests" method="Search_ExcludeMultipleFields_AddsMustNotMatches" time="0.0025182" result="Pass" />
      <test name="Core.Tests.Engine.QueryBuilderTests.Search_WithFilter_ReturnsExpectedJson(testFile: \&quot;Search_With_Filter_123_Term_Foo.json\&quot;, path: 123, term: \&quot;Foo\&quot;)" type="Core.Tests.Engine.QueryBuilderTests" method="Search_WithFilter_ReturnsExpectedJson" time="0.0081238" result="Pass">
        <output><![CDATA["filter":[{"bool":{"must":[{"term":{"Path":"123"}}]}}]
{"from":0,"size":0,"query":{"bool":{"must":[{"multi_match":{"query":"foo","lenient":true,"operator":"or","fields":["bar","attachment.content","attachment.author","attachment.keywords"]}}],"filter":[{"bool":{"must":[{"term":{"Path":"123"}}]}}]}},"suggest":{"dym":{"text":"foo","phrase":{"field":"DidYouMean"}}}}
]]></output>
      </test>
      <test name="Core.Tests.Engine.QueryBuilderTests.Search_WithFilter_ReturnsExpectedJson(testFile: \&quot;Search_With_Filter_678_Term_Bar.json\&quot;, path: 678, term: \&quot;Bar\&quot;)" type="Core.Tests.Engine.QueryBuilderTests" method="Search_WithFilter_ReturnsExpectedJson" time="0.0064483" result="Pass">
        <output><![CDATA["filter":[{"bool":{"must":[{"term":{"Path":"678"}}]}}]
{"from":0,"size":0,"query":{"bool":{"must":[{"multi_match":{"query":"bar","lenient":true,"operator":"or","fields":["bar","attachment.content","attachment.author","attachment.keywords"]}}],"filter":[{"bool":{"must":[{"term":{"Path":"678"}}]}}]}},"suggest":{"dym":{"text":"bar","phrase":{"field":"DidYouMean"}}}}
]]></output>
      </test>
      <test name="Core.Tests.Engine.QueryBuilderTests.Search_WithFilter_ReturnsExpectedJson(testFile: \&quot;Search_With_Filter_123_Term_Foo_Bar.json\&quot;, path: 123, term: \&quot;Foo Bar\&quot;)" type="Core.Tests.Engine.QueryBuilderTests" method="Search_WithFilter_ReturnsExpectedJson" time="0.0029168" result="Pass">
        <output><![CDATA["filter":[{"bool":{"must":[{"term":{"Path":"123"}}]}}]
{"from":0,"size":0,"query":{"bool":{"must":[{"multi_match":{"query":"foobar","lenient":true,"operator":"or","fields":["bar","attachment.content","attachment.author","attachment.keywords"]}}],"should":[{"multi_match":{"query":"foobar","lenient":true,"operator":"or","type":"phrase","boost":2,"fields":["bar","attachment.content","attachment.author","attachment.keywords"]}}],"filter":[{"bool":{"must":[{"term":{"Path":"123"}}]}}]}},"suggest":{"dym":{"text":"foobar","phrase":{"field":"DidYouMean"}}}}
]]></output>
      </test>
      <test name="Core.Tests.Engine.QueryBuilderTests.Search_IVersionable_WithApplyDefaultFilters_AddsPublishFilters" type="Core.Tests.Engine.QueryBuilderTests" method="Search_IVersionable_WithApplyDefaultFilters_AddsPublishFilters" time="0.0102438" result="Pass" />
      <test name="Core.Tests.Engine.QueryBuilderTests.TypedSearch_String_ReturnsExpectedJson" type="Core.Tests.Engine.QueryBuilderTests" method="TypedSearch_String_ReturnsExpectedJson" time="0.0051132" result="Pass" />
      <test name="Core.Tests.Engine.QueryBuilderTests.Filter_ReturnsExpectedJsonForFloat(value: 123456)" type="Core.Tests.Engine.QueryBuilderTests" method="Filter_ReturnsExpectedJsonForFloat" time="0.0040391" result="Pass" />
      <test name="Core.Tests.Engine.QueryBuilderTests.Filter_ReturnsExpectedJsonForFloat(value: -123456)" type="Core.Tests.Engine.QueryBuilderTests" method="Filter_ReturnsExpectedJsonForFloat" time="0.0031237" result="Pass" />
      <test name="Core.Tests.Engine.QueryBuilderTests.Filter_ReturnsExpectedJsonForFloat(value: 0)" type="Core.Tests.Engine.QueryBuilderTests" method="Filter_ReturnsExpectedJsonForFloat" time="0.0063018" result="Pass" />
      <test name="Core.Tests.Engine.QueryBuilderTests.Search_NoScriptScore_ReturnsExpectedJson" type="Core.Tests.Engine.QueryBuilderTests" method="Search_NoScriptScore_ReturnsExpectedJson" time="0.0031909" result="Pass" />
      <test name="Core.Tests.Engine.QueryBuilderTests.Search_SizeOver10k_Throws" type="Core.Tests.Engine.QueryBuilderTests" method="Search_SizeOver10k_Throws" time="0.0016088" result="Pass" />
      <test name="Core.Tests.Engine.QueryBuilderTests.Search_NoDecay_ReturnsExpectedJson" type="Core.Tests.Engine.QueryBuilderTests" method="Search_NoDecay_ReturnsExpectedJson" time="0.0015232" result="Pass" />
      <test name="Core.Tests.Engine.QueryBuilderTests.Search_GaussAndScriptScore_Throws" type="Core.Tests.Engine.QueryBuilderTests" method="Search_GaussAndScriptScore_Throws" time="0.0025991" result="Pass" />
      <test name="Core.Tests.Engine.QueryBuilderTests.Search_WithOperatorOr_ReturnsExpectedJson" type="Core.Tests.Engine.QueryBuilderTests" method="Search_WithOperatorOr_ReturnsExpectedJson" time="0.0015049" result="Pass" />
      <test name="Core.Tests.Engine.QueryBuilderTests.Filter_ReturnsExpectedJsonForBool(value: True)" type="Core.Tests.Engine.QueryBuilderTests" method="Filter_ReturnsExpectedJsonForBool" time="0.007522" result="Pass" />
      <test name="Core.Tests.Engine.QueryBuilderTests.Filter_ReturnsExpectedJsonForBool(value: False)" type="Core.Tests.Engine.QueryBuilderTests" method="Filter_ReturnsExpectedJsonForBool" time="0.0070884" result="Pass" />
      <test name="Core.Tests.Engine.QueryBuilderTests.Filter_ReturnsExpectedJsonForInteger(value: -2147483648)" type="Core.Tests.Engine.QueryBuilderTests" method="Filter_ReturnsExpectedJsonForInteger" time="0.0074064" result="Pass" />
      <test name="Core.Tests.Engine.QueryBuilderTests.Filter_ReturnsExpectedJsonForInteger(value: 2147483647)" type="Core.Tests.Engine.QueryBuilderTests" method="Filter_ReturnsExpectedJsonForInteger" time="0.0057918" result="Pass" />
      <test name="Core.Tests.Engine.QueryBuilderTests.Filter_ReturnsExpectedJsonForInteger(value: 0)" type="Core.Tests.Engine.QueryBuilderTests" method="Filter_ReturnsExpectedJsonForInteger" time="0.0030045" result="Pass" />
      <test name="Core.Tests.Engine.QueryBuilderTests.Filter_ReturnsExpectedJsonForInteger(value: 1234)" type="Core.Tests.Engine.QueryBuilderTests" method="Filter_ReturnsExpectedJsonForInteger" time="0.0028399" result="Pass" />
      <test name="Core.Tests.Engine.QueryBuilderTests.GetBoosting_TypeWithBoostAttribute_ReturnsAtLeastOneItem" type="Core.Tests.Engine.QueryBuilderTests" method="GetBoosting_TypeWithBoostAttribute_ReturnsAtLeastOneItem" time="0.0040629" result="Pass" />
      <test name="Core.Tests.Engine.SearchEngineTests.GetSuggestions_ValidResult_DoesNotReturnNull" type="Core.Tests.Engine.SearchEngineTests" method="GetSuggestions_ValidResult_DoesNotReturnNull" time="0.0501211" result="Pass" />
      <test name="Core.Tests.Engine.SearchEngineTests.Query_WithHits_ReturnsHits(jsonFile: \&quot;Results_With_Hits_And_Facets.json\&quot;)" type="Core.Tests.Engine.SearchEngineTests" method="Query_WithHits_ReturnsHits" time="0.0716107" result="Pass" />
      <test name="Core.Tests.Engine.SearchEngineTests.Query_WithHits_ReturnsHits(jsonFile: \&quot;Results_With_Only_Hits.json\&quot;)" type="Core.Tests.Engine.SearchEngineTests" method="Query_WithHits_ReturnsHits" time="0.0079162" result="Pass" />
      <test name="Core.Tests.Engine.SearchEngineTests.Query_NoHits_ReturnsNoFacets" type="Core.Tests.Engine.SearchEngineTests" method="Query_NoHits_ReturnsNoFacets" time="0.0062073" result="Pass" />
      <test name="Core.Tests.Engine.SearchEngineTests.Query_CustomPropertiesWithNulls_DoesNotThrow" type="Core.Tests.Engine.SearchEngineTests" method="Query_CustomPropertiesWithNulls_DoesNotThrow" time="0.0179882" result="Pass" />
      <test name="Core.Tests.Engine.SearchEngineTests.GetSuggestions_ValidResult_ReturnsCorrectAmount" type="Core.Tests.Engine.SearchEngineTests" method="GetSuggestions_ValidResult_ReturnsCorrectAmount" time="0.0019257" result="Pass" />
      <test name="Core.Tests.Engine.SearchEngineTests.GetSuggestions_InvalidResult_ReturnEmptyArray" type="Core.Tests.Engine.SearchEngineTests" method="GetSuggestions_InvalidResult_ReturnEmptyArray" time="0.0020865" result="Pass" />
      <test name="Core.Tests.Engine.SearchEngineTests.Query_ReturnsCustomProperties" type="Core.Tests.Engine.SearchEngineTests" method="Query_ReturnsCustomProperties" time="0.0514833" result="Pass" />
      <test name="Core.Tests.Engine.SearchEngineTests.Query_WithFacets_ReturnsFacets(jsonFile: \&quot;Results_With_Hits_And_Facets.json\&quot;)" type="Core.Tests.Engine.SearchEngineTests" method="Query_WithFacets_ReturnsFacets" time="0.0080534" result="Pass" />
      <test name="Core.Tests.Engine.SearchEngineTests.Query_WithFacets_ReturnsFacets(jsonFile: \&quot;Results_With_Facets_Only.json\&quot;)" type="Core.Tests.Engine.SearchEngineTests" method="Query_WithFacets_ReturnsFacets" time="0.0062444" result="Pass" />
      <test name="Core.Tests.Engine.SearchEngineTests.Query_Result_IsNeverNull" type="Core.Tests.Engine.SearchEngineTests" method="Query_Result_IsNeverNull" time="0.0013152" result="Pass" />
      <test name="Core.Tests.Engine.SearchEngineTests.Query_NoHits_ReturnsNoHits" type="Core.Tests.Engine.SearchEngineTests" method="Query_NoHits_ReturnsNoHits" time="0.0021473" result="Pass" />
      <test name="Core.Tests.Conventions.IndexingTests.ExcludeRoot_AddsToCollection" type="Core.Tests.Conventions.IndexingTests" method="ExcludeRoot_AddsToCollection" time="0.0075638" result="Pass" />
      <test name="Core.Tests.Conventions.IndexingTests.IncludeFileType_ValidString_AddsToCollection" type="Core.Tests.Conventions.IndexingTests" method="IncludeFileType_ValidString_AddsToCollection" time="0.0230494" result="Pass" />
      <test name="Core.Tests.Conventions.IndexingTests.ExcludeType_AnyType_AddsToCollection" type="Core.Tests.Conventions.IndexingTests" method="ExcludeType_AnyType_AddsToCollection" time="0.0037875" result="Pass" />
      <test name="Core.Tests.Conventions.IndexingTests.IncludeFileType_NullOrEmptyString_DoesNotAddToCollection(type: \&quot;\&quot;)" type="Core.Tests.Conventions.IndexingTests" method="IncludeFileType_NullOrEmptyString_DoesNotAddToCollection" time="0.0005233" result="Pass" />
      <test name="Core.Tests.Conventions.IndexingTests.IncludeFileType_NullOrEmptyString_DoesNotAddToCollection(type: \&quot; \&quot;)" type="Core.Tests.Conventions.IndexingTests" method="IncludeFileType_NullOrEmptyString_DoesNotAddToCollection" time="0.0000986" result="Pass" />
      <test name="Core.Tests.Conventions.IndexingTests.IncludeFileType_NullOrEmptyString_DoesNotAddToCollection(type: null)" type="Core.Tests.Conventions.IndexingTests" method="IncludeFileType_NullOrEmptyString_DoesNotAddToCollection" time="0.0002638" result="Pass" />
      <test name="Core.Tests.Conventions.MessageHandlerTests.SetMessageHandler_IsCorrectType" type="Core.Tests.Conventions.MessageHandlerTests" method="SetMessageHandler_IsCorrectType" time="0.0032914" result="Pass" />
    </collection>
    <collection total="2" passed="2" failed="0" skipped="0" name="Test collection for Core.Tests.Models.Converters.GeoBoundingBoxConverterTests" time="0.006">
      <test name="Core.Tests.Models.Converters.GeoBoundingBoxConverterTests.WriteJson_GeoBoundingBox_WritesExpectedOutput" type="Core.Tests.Models.Converters.GeoBoundingBoxConverterTests" method="WriteJson_GeoBoundingBox_WritesExpectedOutput" time="0.0051401" result="Pass" />
      <test name="Core.Tests.Models.Converters.GeoBoundingBoxConverterTests.WriteJson_NotAGeoBoundingBox_WritesNothing" type="Core.Tests.Models.Converters.GeoBoundingBoxConverterTests" method="WriteJson_NotAGeoBoundingBox_WritesNothing" time="0.0005169" result="Pass" />
    </collection>
    <collection total="2" passed="2" failed="0" skipped="0" name="Test collection for Core.Tests.Models.Converters.GeoDistanceConverterTests" time="0.004">
      <test name="Core.Tests.Models.Converters.GeoDistanceConverterTests.WriteJson_GeoDistance_WritesExpectedOutput" type="Core.Tests.Models.Converters.GeoDistanceConverterTests" method="WriteJson_GeoDistance_WritesExpectedOutput" time="0.0030335" result="Pass" />
      <test name="Core.Tests.Models.Converters.GeoDistanceConverterTests.WriteJson_NotAGeoDistance_WritesNothing" type="Core.Tests.Models.Converters.GeoDistanceConverterTests" method="WriteJson_NotAGeoDistance_WritesNothing" time="0.0006284" result="Pass" />
    </collection>
    <collection total="5" passed="5" failed="0" skipped="0" name="Test collection for Core.Tests.Models.Converters.GeoPointConverterTests" time="0.006">
      <test name="Core.Tests.Models.Converters.GeoPointConverterTests.ReadJson_InvalidString_ReturnsNull(input: null)" type="Core.Tests.Models.Converters.GeoPointConverterTests" method="ReadJson_InvalidString_ReturnsNull" time="0.0045811" result="Pass" />
      <test name="Core.Tests.Models.Converters.GeoPointConverterTests.ReadJson_InvalidString_ReturnsNull(input: \&quot;\&quot;)" type="Core.Tests.Models.Converters.GeoPointConverterTests" method="ReadJson_InvalidString_ReturnsNull" time="0.0001526" result="Pass" />
      <test name="Core.Tests.Models.Converters.GeoPointConverterTests.ReadJson_InvalidString_ReturnsNull(input: \&quot;foo\&quot;)" type="Core.Tests.Models.Converters.GeoPointConverterTests" method="ReadJson_InvalidString_ReturnsNull" time="0.0002345" result="Pass" />
      <test name="Core.Tests.Models.Converters.GeoPointConverterTests.ReadJson_InvalidString_ReturnsNull(input: \&quot;42\&quot;)" type="Core.Tests.Models.Converters.GeoPointConverterTests" method="ReadJson_InvalidString_ReturnsNull" time="0.0003518" result="Pass" />
      <test name="Core.Tests.Models.Converters.GeoPointConverterTests.ReadJson_CoordsString_Converts" type="Core.Tests.Models.Converters.GeoPointConverterTests" method="ReadJson_CoordsString_Converts" time="0.0005358" result="Pass" />
    </collection>
    <collection total="2" passed="2" failed="0" skipped="0" name="Test collection for Core.Tests.Models.Converters.GeoPolygonConverterTests" time="0.006">
      <test name="Core.Tests.Models.Converters.GeoPolygonConverterTests.WriteJson_NotAGeoPolygon_WritesNothing" type="Core.Tests.Models.Converters.GeoPolygonConverterTests" method="WriteJson_NotAGeoPolygon_WritesNothing" time="0.0020846" result="Pass" />
      <test name="Core.Tests.Models.Converters.GeoPolygonConverterTests.WriteJson_GeoPolygon_WritesExpectedOutput" type="Core.Tests.Models.Converters.GeoPolygonConverterTests" method="WriteJson_GeoPolygon_WritesExpectedOutput" time="0.0034354" result="Pass" />
    </collection>
    <collection total="3" passed="3" failed="0" skipped="0" name="Test collection for Core.Tests.Admin.IndexTests" time="0.003">
      <test name="Core.Tests.Admin.IndexTests.Ctor_NullOrEmptyIndexName_Throws(indexName: \&quot;\&quot;)" type="Core.Tests.Admin.IndexTests" method="Ctor_NullOrEmptyIndexName_Throws" time="0.0024797" result="Pass" />
      <test name="Core.Tests.Admin.IndexTests.Ctor_NullOrEmptyIndexName_Throws(indexName: null)" type="Core.Tests.Admin.IndexTests" method="Ctor_NullOrEmptyIndexName_Throws" time="0.0001817" result="Pass" />
      <test name="Core.Tests.Admin.IndexTests.Ctor_NullOrEmptyIndexName_Throws(indexName: \&quot; \&quot;)" type="Core.Tests.Admin.IndexTests" method="Ctor_NullOrEmptyIndexName_Throws" time="0.0003238" result="Pass" />
    </collection>
    <collection total="15" passed="15" failed="0" skipped="0" name="Test collection for Core.Tests.Utilities.TextUtilTests" time="0.013">
      <test name="Core.Tests.Utilities.TextUtilTests.StripHtml_RemovesTags" type="Core.Tests.Utilities.TextUtilTests" method="StripHtml_RemovesTags" time="0.0074345" result="Pass" />
      <test name="Core.Tests.Utilities.TextUtilTests.StripHtmlAndEntities_RemovesTagsAndEntities" type="Core.Tests.Utilities.TextUtilTests" method="StripHtmlAndEntities_RemovesTagsAndEntities" time="0.0028282" result="Pass" />
      <test name="Core.Tests.Utilities.TextUtilTests.IsNumeric_Number_ReturnsTrue(instance: \&quot;0\&quot;)" type="Core.Tests.Utilities.TextUtilTests" method="IsNumeric_Number_ReturnsTrue" time="0.0005937" result="Pass" />
      <test name="Core.Tests.Utilities.TextUtilTests.IsNumeric_Number_ReturnsTrue(instance: \&quot;42\&quot;)" type="Core.Tests.Utilities.TextUtilTests" method="IsNumeric_Number_ReturnsTrue" time="0.0000958" result="Pass" />
      <test name="Core.Tests.Utilities.TextUtilTests.IsNumeric_Number_ReturnsTrue(instance: \&quot;9223372036854775807\&quot;)" type="Core.Tests.Utilities.TextUtilTests" method="IsNumeric_Number_ReturnsTrue" time="0.0001698" result="Pass" />
      <test name="Core.Tests.Utilities.TextUtilTests.IsNumeric_Number_ReturnsTrue(instance: \&quot;-9223372036854775808\&quot;)" type="Core.Tests.Utilities.TextUtilTests" method="IsNumeric_Number_ReturnsTrue" time="0.0002025" result="Pass" />
      <test name="Core.Tests.Utilities.TextUtilTests.StripHtml_DoesNotRemoveEntities" type="Core.Tests.Utilities.TextUtilTests" method="StripHtml_DoesNotRemoveEntities" time="0.0009614" result="Pass" />
      <test name="Core.Tests.Utilities.TextUtilTests.IsNumeric_NotANumber_ReturnsFalse(instance: \&quot;foo\&quot;)" type="Core.Tests.Utilities.TextUtilTests" method="IsNumeric_NotANumber_ReturnsFalse" time="0.0004515" result="Pass" />
      <test name="Core.Tests.Utilities.TextUtilTests.IsNumeric_NotANumber_ReturnsFalse(instance: \&quot;1-2\&quot;)" type="Core.Tests.Utilities.TextUtilTests" method="IsNumeric_NotANumber_ReturnsFalse" time="0.0002841" result="Pass" />
      <test name="Core.Tests.Utilities.TextUtilTests.IsNumeric_NotANumber_ReturnsFalse(instance: null)" type="Core.Tests.Utilities.TextUtilTests" method="IsNumeric_NotANumber_ReturnsFalse" time="0.0000499" result="Pass" />
      <test name="Core.Tests.Utilities.TextUtilTests.IsNumeric_NotANumber_ReturnsFalse(instance: \&quot;\&quot;)" type="Core.Tests.Utilities.TextUtilTests" method="IsNumeric_NotANumber_ReturnsFalse" time="0.0000647" result="Pass" />
      <test name="Core.Tests.Utilities.TextUtilTests.IsNumeric_NotANumber_ReturnsFalse(instance: \&quot;123a\&quot;)" type="Core.Tests.Utilities.TextUtilTests" method="IsNumeric_NotANumber_ReturnsFalse" time="0.0000528" result="Pass" />
      <test name="Core.Tests.Utilities.TextUtilTests.IsNumeric_NotANumber_ReturnsFalse(instance: \&quot;000 123\&quot;)" type="Core.Tests.Utilities.TextUtilTests" method="IsNumeric_NotANumber_ReturnsFalse" time="0.0000609" result="Pass" />
      <test name="Core.Tests.Utilities.TextUtilTests.IsNumeric_NotANumber_ReturnsFalse(instance: \&quot;1 23\&quot;)" type="Core.Tests.Utilities.TextUtilTests" method="IsNumeric_NotANumber_ReturnsFalse" time="0.0000592" result="Pass" />
      <test name="Core.Tests.Utilities.TextUtilTests.IsNumeric_NotANumber_ReturnsFalse(instance: \&quot;0x123\&quot;)" type="Core.Tests.Utilities.TextUtilTests" method="IsNumeric_NotANumber_ReturnsFalse" time="0.0000503" result="Pass" />
    </collection>
    <collection total="10" passed="10" failed="0" skipped="0" name="Test collection for Core.Tests.Models.Properties.GeoPointTests" time="0.004">
      <test name="Core.Tests.Models.Properties.GeoPointTests.Parse_InvalidInput_ReturnsNull(input: \&quot;asd\&quot;)" type="Core.Tests.Models.Properties.GeoPointTests" method="Parse_InvalidInput_ReturnsNull" time="0.0006902" result="Pass" />
      <test name="Core.Tests.Models.Properties.GeoPointTests.Parse_InvalidInput_ReturnsNull(input: \&quot; \&quot;)" type="Core.Tests.Models.Properties.GeoPointTests" method="Parse_InvalidInput_ReturnsNull" time="0.0000768" result="Pass" />
      <test name="Core.Tests.Models.Properties.GeoPointTests.Parse_InvalidInput_ReturnsNull(input: null)" type="Core.Tests.Models.Properties.GeoPointTests" method="Parse_InvalidInput_ReturnsNull" time="0.0000591" result="Pass" />
      <test name="Core.Tests.Models.Properties.GeoPointTests.Parse_InvalidInput_ReturnsNull(input: \&quot;-123.456,-234.567\&quot;)" type="Core.Tests.Models.Properties.GeoPointTests" method="Parse_InvalidInput_ReturnsNull" time="0.0000633" result="Pass" />
      <test name="Core.Tests.Models.Properties.GeoPointTests.ToString_UsesInvariantCommaSeparator" type="Core.Tests.Models.Properties.GeoPointTests" method="ToString_UsesInvariantCommaSeparator" time="0.0020624" result="Pass" />
      <test name="Core.Tests.Models.Properties.GeoPointTests.Parse_ValidInput_ReturnsInstance(input: \&quot;10,10\&quot;)" type="Core.Tests.Models.Properties.GeoPointTests" method="Parse_ValidInput_ReturnsInstance" time="0.0006499" result="Pass" />
      <test name="Core.Tests.Models.Properties.GeoPointTests.Parse_ValidInput_ReturnsInstance(input: \&quot;-10,-10\&quot;)" type="Core.Tests.Models.Properties.GeoPointTests" method="Parse_ValidInput_ReturnsInstance" time="0.0000709" result="Pass" />
      <test name="Core.Tests.Models.Properties.GeoPointTests.Parse_ValidInput_ReturnsInstance(input: \&quot;59.9152868,10.7519013\&quot;)" type="Core.Tests.Models.Properties.GeoPointTests" method="Parse_ValidInput_ReturnsInstance" time="0.0000676" result="Pass" />
      <test name="Core.Tests.Models.Properties.GeoPointTests.Parse_ValidInput_ReturnsInstance(input: \&quot;-34.6158037,-58.5033379\&quot;)" type="Core.Tests.Models.Properties.GeoPointTests" method="Parse_ValidInput_ReturnsInstance" time="0.0000672" result="Pass" />
      <test name="Core.Tests.Models.Properties.GeoPointTests.Parse_ValidInput_ReturnsInstance(input: \&quot;35.6681625,139.6007856\&quot;)" type="Core.Tests.Models.Properties.GeoPointTests" method="Parse_ValidInput_ReturnsInstance" time="0.0001363" result="Pass" />
    </collection>
    <collection total="16" passed="16" failed="0" skipped="0" name="Test collection for Core.Tests.Extensions.TypeExtensionsTests" time="0.010">
      <test name="Core.Tests.Extensions.TypeExtensionsTests.GetShortTypeName_Instance_ReturnsShortName(instance: \&quot;Epi11demo_Models_Pages_StandardPage\&quot;, expected: \&quot;StandardPage\&quot;)" type="Core.Tests.Extensions.TypeExtensionsTests" method="GetShortTypeName_Instance_ReturnsShortName" time="0.0013654" result="Pass" />
      <test name="Core.Tests.Extensions.TypeExtensionsTests.GetShortTypeName_Instance_ReturnsShortName(instance: \&quot;Epi11demo_Models_Blocks_TeaserBlock\&quot;, expected: \&quot;TeaserBlock\&quot;)" type="Core.Tests.Extensions.TypeExtensionsTests" method="GetShortTypeName_Instance_ReturnsShortName" time="0.0002513" result="Pass" />
      <test name="Core.Tests.Extensions.TypeExtensionsTests.GetShortTypeName_Instance_ReturnsShortName(instance: \&quot;Epi11demo_Models_Pages_ArticlePage\&quot;, expected: \&quot;ArticlePage\&quot;)" type="Core.Tests.Extensions.TypeExtensionsTests" method="GetShortTypeName_Instance_ReturnsShortName" time="0.0002157" result="Pass" />
      <test name="Core.Tests.Extensions.TypeExtensionsTests.GetInheritancHierarchyArray_TypeWithtAncestors_ReturnsArrayWithAtLeastTwoItems" type="Core.Tests.Extensions.TypeExtensionsTests" method="GetInheritancHierarchyArray_TypeWithtAncestors_ReturnsArrayWithAtLeastTwoItems" time="0.001741" result="Pass" />
      <test name="Core.Tests.Extensions.TypeExtensionsTests.GetInheritancHierarchyArray_TypeWithoutAncestors_ReturnsArrayWithOneItem" type="Core.Tests.Extensions.TypeExtensionsTests" method="GetInheritancHierarchyArray_TypeWithoutAncestors_ReturnsArrayWithOneItem" time="0.0018288" result="Pass" />
      <test name="Core.Tests.Extensions.TypeExtensionsTests.GetShortTypeName_NullOrEmptyInstance_ReturnsInstance(instance: null)" type="Core.Tests.Extensions.TypeExtensionsTests" method="GetShortTypeName_NullOrEmptyInstance_ReturnsInstance" time="0.0004625" result="Pass" />
      <test name="Core.Tests.Extensions.TypeExtensionsTests.GetShortTypeName_NullOrEmptyInstance_ReturnsInstance(instance: \&quot;\&quot;)" type="Core.Tests.Extensions.TypeExtensionsTests" method="GetShortTypeName_NullOrEmptyInstance_ReturnsInstance" time="0.0000965" result="Pass" />
      <test name="Core.Tests.Extensions.TypeExtensionsTests.GetShortTypeName_NullOrEmptyInstance_ReturnsInstance(instance: \&quot; \&quot;)" type="Core.Tests.Extensions.TypeExtensionsTests" method="GetShortTypeName_NullOrEmptyInstance_ReturnsInstance" time="0.0002369" result="Pass" />
      <test name="Core.Tests.Extensions.TypeExtensionsTests.GetTypeName_AnyType_ReturnsStringWithUnderscore" type="Core.Tests.Extensions.TypeExtensionsTests" method="GetTypeName_AnyType_ReturnsStringWithUnderscore" time="0.0005153" result="Pass" />
      <test name="Core.Tests.Extensions.TypeExtensionsTests.IsAnonymousType_NullType_ReturnsFalse" type="Core.Tests.Extensions.TypeExtensionsTests" method="IsAnonymousType_NullType_ReturnsFalse" time="0.0004436" result="Pass" />
      <test name="Core.Tests.Extensions.TypeExtensionsTests.GetShortTypeName_InstanceWithoutUnderscore_ReturnsInstance" type="Core.Tests.Extensions.TypeExtensionsTests" method="GetShortTypeName_InstanceWithoutUnderscore_ReturnsInstance" time="0.0006371" result="Pass" />
      <test name="Core.Tests.Extensions.TypeExtensionsTests.GetTypeName_AnyType_ReturnsStringWithoutDot" type="Core.Tests.Extensions.TypeExtensionsTests" method="GetTypeName_AnyType_ReturnsStringWithoutDot" time="0.0005118" result="Pass" />
      <test name="Core.Tests.Extensions.TypeExtensionsTests.IsAnonymousType_AnonymousType_ReturnsTrue" type="Core.Tests.Extensions.TypeExtensionsTests" method="IsAnonymousType_AnonymousType_ReturnsTrue" time="0.0004804" result="Pass" />
      <test name="Core.Tests.Extensions.TypeExtensionsTests.GetTypeName_NullType_ReturnsEmptyString" type="Core.Tests.Extensions.TypeExtensionsTests" method="GetTypeName_NullType_ReturnsEmptyString" time="0.0003463" result="Pass" />
      <test name="Core.Tests.Extensions.TypeExtensionsTests.GetTypeName_AnonymousType_ReturnsAnonymousTypeString" type="Core.Tests.Extensions.TypeExtensionsTests" method="GetTypeName_AnonymousType_ReturnsAnonymousTypeString" time="0.0006824" result="Pass" />
      <test name="Core.Tests.Extensions.TypeExtensionsTests.GetInheritancHierarchyArray_NullType_ReturnsEmptyArray" type="Core.Tests.Extensions.TypeExtensionsTests" method="GetInheritancHierarchyArray_NullType_ReturnsEmptyArray" time="0.0006559" result="Pass" />
    </collection>
    <collection total="2" passed="2" failed="0" skipped="0" name="Test collection for Core.Tests.Admin.HealthTests" time="0.033">
      <test name="Core.Tests.Admin.HealthTests.GetClusterHealth_DeserializesProperly" type="Core.Tests.Admin.HealthTests" method="GetClusterHealth_DeserializesProperly" time="0.0215328" result="Pass" />
      <test name="Core.Tests.Admin.HealthTests.GetNodeInfo_DeserializesProperly" type="Core.Tests.Admin.HealthTests" method="GetNodeInfo_DeserializesProperly" time="0.0114407" result="Pass" />
    </collection>
    <collection total="74" passed="74" failed="0" skipped="0" name="Test collection for Core.Tests.Settings.Configuration.ElasticsearchSectionTests" time="0.166">
      <test name="Core.Tests.Settings.Configuration.ElasticsearchSectionTests.ValidateFiles_EmptyExtension_Throws(ext: null)" type="Core.Tests.Settings.Configuration.ElasticsearchSectionTests" method="ValidateFiles_EmptyExtension_Throws" time="0.0341342" result="Pass" />
      <test name="Core.Tests.Settings.Configuration.ElasticsearchSectionTests.ValidateFiles_EmptyExtension_Throws(ext: \&quot;\&quot;)" type="Core.Tests.Settings.Configuration.ElasticsearchSectionTests" method="ValidateFiles_EmptyExtension_Throws" time="0.0011994" result="Pass" />
      <test name="Core.Tests.Settings.Configuration.ElasticsearchSectionTests.ValidateIndices_EmptyName_Throws(name: null)" type="Core.Tests.Settings.Configuration.ElasticsearchSectionTests" method="ValidateIndices_EmptyName_Throws" time="0.0096049" result="Pass" />
      <test name="Core.Tests.Settings.Configuration.ElasticsearchSectionTests.ValidateIndices_EmptyName_Throws(name: \&quot;\&quot;)" type="Core.Tests.Settings.Configuration.ElasticsearchSectionTests" method="ValidateIndices_EmptyName_Throws" time="0.0033606" result="Pass" />
      <test name="Core.Tests.Settings.Configuration.ElasticsearchSectionTests.ValidateIndices_EmptyName_Throws(name: \&quot;\n\&quot;)" type="Core.Tests.Settings.Configuration.ElasticsearchSectionTests" method="ValidateIndices_EmptyName_Throws" time="0.0024528" result="Pass" />
      <test name="Core.Tests.Settings.Configuration.ElasticsearchSectionTests.ValidateFiles_NoFiles_IsOk" type="Core.Tests.Settings.Configuration.ElasticsearchSectionTests" method="ValidateFiles_NoFiles_IsOk" time="0.0040024" result="Pass" />
      <test name="Core.Tests.Settings.Configuration.ElasticsearchSectionTests.ValidateIndices_MissingTypeOnCustomIndex_Throws" type="Core.Tests.Settings.Configuration.ElasticsearchSectionTests" method="ValidateIndices_MissingTypeOnCustomIndex_Throws" time="0.0084935" result="Pass" />
      <test name="Core.Tests.Settings.Configuration.ElasticsearchSectionTests.ValidateIndices_MultipleDefaultIndices_Throws" type="Core.Tests.Settings.Configuration.ElasticsearchSectionTests" method="ValidateIndices_MultipleDefaultIndices_Throws" time="0.0043668" result="Pass" />
      <test name="Core.Tests.Settings.Configuration.ElasticsearchSectionTests.IsValidSizeString_ValidString_ReturnsTrue(size: \&quot;1\&quot;)" type="Core.Tests.Settings.Configuration.ElasticsearchSectionTests" method="IsValidSizeString_ValidString_ReturnsTrue" time="0.0013124" result="Pass" />
      <test name="Core.Tests.Settings.Configuration.ElasticsearchSectionTests.IsValidSizeString_ValidString_ReturnsTrue(size: \&quot;42\&quot;)" type="Core.Tests.Settings.Configuration.ElasticsearchSectionTests" method="IsValidSizeString_ValidString_ReturnsTrue" time="0.0009638" result="Pass" />
      <test name="Core.Tests.Settings.Configuration.ElasticsearchSectionTests.IsValidSizeString_ValidString_ReturnsTrue(size: \&quot;1024\&quot;)" type="Core.Tests.Settings.Configuration.ElasticsearchSectionTests" method="IsValidSizeString_ValidString_ReturnsTrue" time="0.0005053" result="Pass" />
      <test name="Core.Tests.Settings.Configuration.ElasticsearchSectionTests.IsValidSizeString_ValidString_ReturnsTrue(size: \&quot;102400\&quot;)" type="Core.Tests.Settings.Configuration.ElasticsearchSectionTests" method="IsValidSizeString_ValidString_ReturnsTrue" time="0.0005016" result="Pass" />
      <test name="Core.Tests.Settings.Configuration.ElasticsearchSectionTests.IsValidSizeString_ValidString_ReturnsTrue(size: \&quot;9223372036854775807\&quot;)" type="Core.Tests.Settings.Configuration.ElasticsearchSectionTests" method="IsValidSizeString_ValidString_ReturnsTrue" time="0.0006121" result="Pass" />
      <test name="Core.Tests.Settings.Configuration.ElasticsearchSectionTests.IsValidSizeString_ValidString_ReturnsTrue(size: \&quot;42KB\&quot;)" type="Core.Tests.Settings.Configuration.ElasticsearchSectionTests" method="IsValidSizeString_ValidString_ReturnsTrue" time="0.0031378" result="Pass" />
      <test name="Core.Tests.Settings.Configuration.ElasticsearchSectionTests.IsValidSizeString_ValidString_ReturnsTrue(size: \&quot;42MB\&quot;)" type="Core.Tests.Settings.Configuration.ElasticsearchSectionTests" method="IsValidSizeString_ValidString_ReturnsTrue" time="0.0027553" result="Pass" />
      <test name="Core.Tests.Settings.Configuration.ElasticsearchSectionTests.IsValidSizeString_ValidString_ReturnsTrue(size: \&quot;42GB\&quot;)" type="Core.Tests.Settings.Configuration.ElasticsearchSectionTests" method="IsValidSizeString_ValidString_ReturnsTrue" time="0.0008317" result="Pass" />
      <test name="Core.Tests.Settings.Configuration.ElasticsearchSectionTests.ValidateIndices_NoDefaultIndex_Throws" type="Core.Tests.Settings.Configuration.ElasticsearchSectionTests" method="ValidateIndices_NoDefaultIndex_Throws" time="0.005" result="Pass" />
      <test name="Core.Tests.Settings.Configuration.ElasticsearchSectionTests.ValidateIndices_NoIndices_Throws" type="Core.Tests.Settings.Configuration.ElasticsearchSectionTests" method="ValidateIndices_NoIndices_Throws" time="0.0023243" result="Pass" />
      <test name="Core.Tests.Settings.Configuration.ElasticsearchSectionTests.ValidateIndices_InvalidCharInName_Throws(character: '~')" type="Core.Tests.Settings.Configuration.ElasticsearchSectionTests" method="ValidateIndices_InvalidCharInName_Throws" time="0.0070204" result="Pass" />
      <test name="Core.Tests.Settings.Configuration.ElasticsearchSectionTests.ValidateIndices_InvalidCharInName_Throws(character: '!')" type="Core.Tests.Settings.Configuration.ElasticsearchSectionTests" method="ValidateIndices_InvalidCharInName_Throws" time="0.0015059" result="Pass" />
      <test name="Core.Tests.Settings.Configuration.ElasticsearchSectionTests.ValidateIndices_InvalidCharInName_Throws(character: '#')" type="Core.Tests.Settings.Configuration.ElasticsearchSectionTests" method="ValidateIndices_InvalidCharInName_Throws" time="0.0020896" result="Pass" />
      <test name="Core.Tests.Settings.Configuration.ElasticsearchSectionTests.ValidateIndices_InvalidCharInName_Throws(character: '$')" type="Core.Tests.Settings.Configuration.ElasticsearchSectionTests" method="ValidateIndices_InvalidCharInName_Throws" time="0.0012741" result="Pass" />
      <test name="Core.Tests.Settings.Configuration.ElasticsearchSectionTests.ValidateIndices_InvalidCharInName_Throws(character: '%')" type="Core.Tests.Settings.Configuration.ElasticsearchSectionTests" method="ValidateIndices_InvalidCharInName_Throws" time="0.0012496" result="Pass" />
      <test name="Core.Tests.Settings.Configuration.ElasticsearchSectionTests.ValidateIndices_InvalidCharInName_Throws(character: '^')" type="Core.Tests.Settings.Configuration.ElasticsearchSectionTests" method="ValidateIndices_InvalidCharInName_Throws" time="0.0013144" result="Pass" />
      <test name="Core.Tests.Settings.Configuration.ElasticsearchSectionTests.ValidateIndices_InvalidCharInName_Throws(character: '&amp;')" type="Core.Tests.Settings.Configuration.ElasticsearchSectionTests" method="ValidateIndices_InvalidCharInName_Throws" time="0.0014293" result="Pass" />
      <test name="Core.Tests.Settings.Configuration.ElasticsearchSectionTests.ValidateIndices_InvalidCharInName_Throws(character: '*')" type="Core.Tests.Settings.Configuration.ElasticsearchSectionTests" method="ValidateIndices_InvalidCharInName_Throws" time="0.0013857" result="Pass" />
      <test name="Core.Tests.Settings.Configuration.ElasticsearchSectionTests.ValidateIndices_InvalidCharInName_Throws(character: ' ')" type="Core.Tests.Settings.Configuration.ElasticsearchSectionTests" method="ValidateIndices_InvalidCharInName_Throws" time="0.0015648" result="Pass" />
      <test name="Core.Tests.Settings.Configuration.ElasticsearchSectionTests.ValidateIndices_InvalidCharInName_Throws(character: '(')" type="Core.Tests.Settings.Configuration.ElasticsearchSectionTests" method="ValidateIndices_InvalidCharInName_Throws" time="0.0019147" result="Pass" />
      <test name="Core.Tests.Settings.Configuration.ElasticsearchSectionTests.ValidateIndices_InvalidCharInName_Throws(character: ')')" type="Core.Tests.Settings.Configuration.ElasticsearchSectionTests" method="ValidateIndices_InvalidCharInName_Throws" time="0.0011105" result="Pass" />
      <test name="Core.Tests.Settings.Configuration.ElasticsearchSectionTests.ValidateIndices_InvalidCharInName_Throws(character: '[')" type="Core.Tests.Settings.Configuration.ElasticsearchSectionTests" method="ValidateIndices_InvalidCharInName_Throws" time="0.001345" result="Pass" />
      <test name="Core.Tests.Settings.Configuration.ElasticsearchSectionTests.ValidateIndices_InvalidCharInName_Throws(character: ']')" type="Core.Tests.Settings.Configuration.ElasticsearchSectionTests" method="ValidateIndices_InvalidCharInName_Throws" time="0.0014262" result="Pass" />
      <test name="Core.Tests.Settings.Configuration.ElasticsearchSectionTests.ValidateIndices_InvalidCharInName_Throws(character: '{')" type="Core.Tests.Settings.Configuration.ElasticsearchSectionTests" method="ValidateIndices_InvalidCharInName_Throws" time="0.001598" result="Pass" />
      <test name="Core.Tests.Settings.Configuration.ElasticsearchSectionTests.ValidateIndices_InvalidCharInName_Throws(character: '}')" type="Core.Tests.Settings.Configuration.ElasticsearchSectionTests" method="ValidateIndices_InvalidCharInName_Throws" time="0.0010045" result="Pass" />
      <test name="Core.Tests.Settings.Configuration.ElasticsearchSectionTests.ValidateIndices_InvalidCharInName_Throws(character: ';')" type="Core.Tests.Settings.Configuration.ElasticsearchSectionTests" method="ValidateIndices_InvalidCharInName_Throws" time="0.0011833" result="Pass" />
      <test name="Core.Tests.Settings.Configuration.ElasticsearchSectionTests.ValidateIndices_InvalidCharInName_Throws(character: ''')" type="Core.Tests.Settings.Configuration.ElasticsearchSectionTests" method="ValidateIndices_InvalidCharInName_Throws" time="0.0012186" result="Pass" />
      <test name="Core.Tests.Settings.Configuration.ElasticsearchSectionTests.ValidateIndices_InvalidCharInName_Throws(character: '\&quot;')" type="Core.Tests.Settings.Configuration.ElasticsearchSectionTests" method="ValidateIndices_InvalidCharInName_Throws" time="0.0011649" result="Pass" />
      <test name="Core.Tests.Settings.Configuration.ElasticsearchSectionTests.ValidateIndices_InvalidCharInName_Throws(character: '|')" type="Core.Tests.Settings.Configuration.ElasticsearchSectionTests" method="ValidateIndices_InvalidCharInName_Throws" time="0.0013351" result="Pass" />
      <test name="Core.Tests.Settings.Configuration.ElasticsearchSectionTests.ValidateIndices_InvalidCharInName_Throws(character: '\\')" type="Core.Tests.Settings.Configuration.ElasticsearchSectionTests" method="ValidateIndices_InvalidCharInName_Throws" time="0.0016694" result="Pass" />
      <test name="Core.Tests.Settings.Configuration.ElasticsearchSectionTests.ValidateIndices_InvalidCharInName_Throws(character: '.')" type="Core.Tests.Settings.Configuration.ElasticsearchSectionTests" method="ValidateIndices_InvalidCharInName_Throws" time="0.0012073" result="Pass" />
      <test name="Core.Tests.Settings.Configuration.ElasticsearchSectionTests.ValidateIndices_InvalidCharInName_Throws(character: ':')" type="Core.Tests.Settings.Configuration.ElasticsearchSectionTests" method="ValidateIndices_InvalidCharInName_Throws" time="0.0017013" result="Pass" />
      <test name="Core.Tests.Settings.Configuration.ElasticsearchSectionTests.ValidateIndices_EmptyDisplayName_Throws(displayName: null)" type="Core.Tests.Settings.Configuration.ElasticsearchSectionTests" method="ValidateIndices_EmptyDisplayName_Throws" time="0.0053436" result="Pass" />
      <test name="Core.Tests.Settings.Configuration.ElasticsearchSectionTests.ValidateIndices_EmptyDisplayName_Throws(displayName: \&quot;\&quot;)" type="Core.Tests.Settings.Configuration.ElasticsearchSectionTests" method="ValidateIndices_EmptyDisplayName_Throws" time="0.0031172" result="Pass" />
      <test name="Core.Tests.Settings.Configuration.ElasticsearchSectionTests.ValidateIndices_EmptyDisplayName_Throws(displayName: \&quot;\n\&quot;)" type="Core.Tests.Settings.Configuration.ElasticsearchSectionTests" method="ValidateIndices_EmptyDisplayName_Throws" time="0.0025193" result="Pass" />
      <test name="Core.Tests.Settings.Configuration.ElasticsearchSectionTests.ValidateFiles_InvalidCharInExtension_Throws(character: '~')" type="Core.Tests.Settings.Configuration.ElasticsearchSectionTests" method="ValidateFiles_InvalidCharInExtension_Throws" time="0.0017569" result="Pass" />
      <test name="Core.Tests.Settings.Configuration.ElasticsearchSectionTests.ValidateFiles_InvalidCharInExtension_Throws(character: '!')" type="Core.Tests.Settings.Configuration.ElasticsearchSectionTests" method="ValidateFiles_InvalidCharInExtension_Throws" time="0.0007347" result="Pass" />
      <test name="Core.Tests.Settings.Configuration.ElasticsearchSectionTests.ValidateFiles_InvalidCharInExtension_Throws(character: '#')" type="Core.Tests.Settings.Configuration.ElasticsearchSectionTests" method="ValidateFiles_InvalidCharInExtension_Throws" time="0.0008381" result="Pass" />
      <test name="Core.Tests.Settings.Configuration.ElasticsearchSectionTests.ValidateFiles_InvalidCharInExtension_Throws(character: '$')" type="Core.Tests.Settings.Configuration.ElasticsearchSectionTests" method="ValidateFiles_InvalidCharInExtension_Throws" time="0.0008945" result="Pass" />
      <test name="Core.Tests.Settings.Configuration.ElasticsearchSectionTests.ValidateFiles_InvalidCharInExtension_Throws(character: '%')" type="Core.Tests.Settings.Configuration.ElasticsearchSectionTests" method="ValidateFiles_InvalidCharInExtension_Throws" time="0.0009291" result="Pass" />
      <test name="Core.Tests.Settings.Configuration.ElasticsearchSectionTests.ValidateFiles_InvalidCharInExtension_Throws(character: '^')" type="Core.Tests.Settings.Configuration.ElasticsearchSectionTests" method="ValidateFiles_InvalidCharInExtension_Throws" time="0.0008797" result="Pass" />
      <test name="Core.Tests.Settings.Configuration.ElasticsearchSectionTests.ValidateFiles_InvalidCharInExtension_Throws(character: '&amp;')" type="Core.Tests.Settings.Configuration.ElasticsearchSectionTests" method="ValidateFiles_InvalidCharInExtension_Throws" time="0.0010101" result="Pass" />
      <test name="Core.Tests.Settings.Configuration.ElasticsearchSectionTests.ValidateFiles_InvalidCharInExtension_Throws(character: '*')" type="Core.Tests.Settings.Configuration.ElasticsearchSectionTests" method="ValidateFiles_InvalidCharInExtension_Throws" time="0.0012361" result="Pass" />
      <test name="Core.Tests.Settings.Configuration.ElasticsearchSectionTests.ValidateFiles_InvalidCharInExtension_Throws(character: ' ')" type="Core.Tests.Settings.Configuration.ElasticsearchSectionTests" method="ValidateFiles_InvalidCharInExtension_Throws" time="0.0008465" result="Pass" />
      <test name="Core.Tests.Settings.Configuration.ElasticsearchSectionTests.ValidateFiles_InvalidCharInExtension_Throws(character: '(')" type="Core.Tests.Settings.Configuration.ElasticsearchSectionTests" method="ValidateFiles_InvalidCharInExtension_Throws" time="0.0007167" result="Pass" />
      <test name="Core.Tests.Settings.Configuration.ElasticsearchSectionTests.ValidateFiles_InvalidCharInExtension_Throws(character: ')')" type="Core.Tests.Settings.Configuration.ElasticsearchSectionTests" method="ValidateFiles_InvalidCharInExtension_Throws" time="0.0011741" result="Pass" />
      <test name="Core.Tests.Settings.Configuration.ElasticsearchSectionTests.ValidateFiles_InvalidCharInExtension_Throws(character: '[')" type="Core.Tests.Settings.Configuration.ElasticsearchSectionTests" method="ValidateFiles_InvalidCharInExtension_Throws" time="0.0011425" result="Pass" />
      <test name="Core.Tests.Settings.Configuration.ElasticsearchSectionTests.ValidateFiles_InvalidCharInExtension_Throws(character: ']')" type="Core.Tests.Settings.Configuration.ElasticsearchSectionTests" method="ValidateFiles_InvalidCharInExtension_Throws" time="0.0012547" result="Pass" />
      <test name="Core.Tests.Settings.Configuration.ElasticsearchSectionTests.ValidateFiles_InvalidCharInExtension_Throws(character: '{')" type="Core.Tests.Settings.Configuration.ElasticsearchSectionTests" method="ValidateFiles_InvalidCharInExtension_Throws" time="0.0008486" result="Pass" />
      <test name="Core.Tests.Settings.Configuration.ElasticsearchSectionTests.ValidateFiles_InvalidCharInExtension_Throws(character: '}')" type="Core.Tests.Settings.Configuration.ElasticsearchSectionTests" method="ValidateFiles_InvalidCharInExtension_Throws" time="0.0005835" result="Pass" />
      <test name="Core.Tests.Settings.Configuration.ElasticsearchSectionTests.ValidateFiles_InvalidCharInExtension_Throws(character: ';')" type="Core.Tests.Settings.Configuration.ElasticsearchSectionTests" method="ValidateFiles_InvalidCharInExtension_Throws" time="0.004925" result="Pass" />
      <test name="Core.Tests.Settings.Configuration.ElasticsearchSectionTests.ValidateFiles_InvalidCharInExtension_Throws(character: ''')" type="Core.Tests.Settings.Configuration.ElasticsearchSectionTests" method="ValidateFiles_InvalidCharInExtension_Throws" time="0.0009211" result="Pass" />
      <test name="Core.Tests.Settings.Configuration.ElasticsearchSectionTests.ValidateFiles_InvalidCharInExtension_Throws(character: '\&quot;')" type="Core.Tests.Settings.Configuration.ElasticsearchSectionTests" method="ValidateFiles_InvalidCharInExtension_Throws" time="0.000851" result="Pass" />
      <test name="Core.Tests.Settings.Configuration.ElasticsearchSectionTests.ValidateFiles_InvalidCharInExtension_Throws(character: '|')" type="Core.Tests.Settings.Configuration.ElasticsearchSectionTests" method="ValidateFiles_InvalidCharInExtension_Throws" time="0.0010891" result="Pass" />
      <test name="Core.Tests.Settings.Configuration.ElasticsearchSectionTests.ValidateFiles_InvalidCharInExtension_Throws(character: '\\')" type="Core.Tests.Settings.Configuration.ElasticsearchSectionTests" method="ValidateFiles_InvalidCharInExtension_Throws" time="0.0008311" result="Pass" />
      <test name="Core.Tests.Settings.Configuration.ElasticsearchSectionTests.ValidateFiles_InvalidCharInExtension_Throws(character: ':')" type="Core.Tests.Settings.Configuration.ElasticsearchSectionTests" method="ValidateFiles_InvalidCharInExtension_Throws" time="0.000847" result="Pass" />
      <test name="Core.Tests.Settings.Configuration.ElasticsearchSectionTests.IsValidSizeString_InvalidString_ReturnsTrue(size: \&quot;\&quot;)" type="Core.Tests.Settings.Configuration.ElasticsearchSectionTests" method="IsValidSizeString_InvalidString_ReturnsTrue" time="0.0022078" result="Pass" />
      <test name="Core.Tests.Settings.Configuration.ElasticsearchSectionTests.IsValidSizeString_InvalidString_ReturnsTrue(size: \&quot; \&quot;)" type="Core.Tests.Settings.Configuration.ElasticsearchSectionTests" method="IsValidSizeString_InvalidString_ReturnsTrue" time="0.0006954" result="Pass" />
      <test name="Core.Tests.Settings.Configuration.ElasticsearchSectionTests.IsValidSizeString_InvalidString_ReturnsTrue(size: null)" type="Core.Tests.Settings.Configuration.ElasticsearchSectionTests" method="IsValidSizeString_InvalidString_ReturnsTrue" time="0.000657" result="Pass" />
      <test name="Core.Tests.Settings.Configuration.ElasticsearchSectionTests.IsValidSizeString_InvalidString_ReturnsTrue(size: \&quot;0\&quot;)" type="Core.Tests.Settings.Configuration.ElasticsearchSectionTests" method="IsValidSizeString_InvalidString_ReturnsTrue" time="0.0006349" result="Pass" />
      <test name="Core.Tests.Settings.Configuration.ElasticsearchSectionTests.IsValidSizeString_InvalidString_ReturnsTrue(size: \&quot;-42\&quot;)" type="Core.Tests.Settings.Configuration.ElasticsearchSectionTests" method="IsValidSizeString_InvalidString_ReturnsTrue" time="0.0005564" result="Pass" />
      <test name="Core.Tests.Settings.Configuration.ElasticsearchSectionTests.IsValidSizeString_InvalidString_ReturnsTrue(size: \&quot;-9223372036854775808\&quot;)" type="Core.Tests.Settings.Configuration.ElasticsearchSectionTests" method="IsValidSizeString_InvalidString_ReturnsTrue" time="0.0006104" result="Pass" />
      <test name="Core.Tests.Settings.Configuration.ElasticsearchSectionTests.IsValidSizeString_InvalidString_ReturnsTrue(size: \&quot;42XB\&quot;)" type="Core.Tests.Settings.Configuration.ElasticsearchSectionTests" method="IsValidSizeString_InvalidString_ReturnsTrue" time="0.0007998" result="Pass" />
      <test name="Core.Tests.Settings.Configuration.ElasticsearchSectionTests.IsValidSizeString_InvalidString_ReturnsTrue(size: \&quot;42XXXX\&quot;)" type="Core.Tests.Settings.Configuration.ElasticsearchSectionTests" method="IsValidSizeString_InvalidString_ReturnsTrue" time="0.0008065" result="Pass" />
      <test name="Core.Tests.Settings.Configuration.ElasticsearchSectionTests.IsValidSizeString_InvalidString_ReturnsTrue(size: \&quot;XXXX\&quot;)" type="Core.Tests.Settings.Configuration.ElasticsearchSectionTests" method="IsValidSizeString_InvalidString_ReturnsTrue" time="0.0006369" result="Pass" />
      <test name="Core.Tests.Settings.Configuration.ElasticsearchSectionTests.IsValidSizeString_InvalidString_ReturnsTrue(size: \&quot;GB42\&quot;)" type="Core.Tests.Settings.Configuration.ElasticsearchSectionTests" method="IsValidSizeString_InvalidString_ReturnsTrue" time="0.000737" result="Pass" />
    </collection>
    <collection total="8" passed="8" failed="0" skipped="0" name="Test collection for Core.Tests.Utilities.ArrayHelperTests" time="0.008">
      <test name="Core.Tests.Utilities.ArrayHelperTests.ToArray_NonEnumerableType_ReturnsEmptyArray(instance: typeof(int))" type="Core.Tests.Utilities.ArrayHelperTests" method="ToArray_NonEnumerableType_ReturnsEmptyArray" time="0.0030377" result="Pass" />
      <test name="Core.Tests.Utilities.ArrayHelperTests.ToArray_NonEnumerableType_ReturnsEmptyArray(instance: typeof(TestData.TestPage))" type="Core.Tests.Utilities.ArrayHelperTests" method="ToArray_NonEnumerableType_ReturnsEmptyArray" time="0.0001984" result="Pass" />
      <test name="Core.Tests.Utilities.ArrayHelperTests.ToArray_NonEnumerableType_ReturnsEmptyArray(instance: typeof(System.DateTime))" type="Core.Tests.Utilities.ArrayHelperTests" method="ToArray_NonEnumerableType_ReturnsEmptyArray" time="0.0002045" result="Pass" />
      <test name="Core.Tests.Utilities.ArrayHelperTests.ToArray_NonEnumerableType_ReturnsEmptyArray(instance: typeof(char))" type="Core.Tests.Utilities.ArrayHelperTests" method="ToArray_NonEnumerableType_ReturnsEmptyArray" time="0.0003342" result="Pass" />
      <test name="Core.Tests.Utilities.ArrayHelperTests.ToArray_EnumerableType_ReturnsArray(instance: \&quot;foo\&quot;)" type="Core.Tests.Utilities.ArrayHelperTests" method="ToArray_EnumerableType_ReturnsArray" time="0.0026347" result="Pass" />
      <test name="Core.Tests.Utilities.ArrayHelperTests.ToArray_EnumerableType_ReturnsArray(instance: [1, 2, 3])" type="Core.Tests.Utilities.ArrayHelperTests" method="ToArray_EnumerableType_ReturnsArray" time="0.0002774" result="Pass" />
      <test name="Core.Tests.Utilities.ArrayHelperTests.ToArray_EnumerableType_ReturnsArray(instance: ['1', '2', '3'])" type="Core.Tests.Utilities.ArrayHelperTests" method="ToArray_EnumerableType_ReturnsArray" time="0.0002462" result="Pass" />
      <test name="Core.Tests.Utilities.ArrayHelperTests.ToArray_EnumerableType_ReturnsArray(instance: [1,79769313486232E+308, -1,79769313486232E+308, 1,79769313486232E+308])" type="Core.Tests.Utilities.ArrayHelperTests" method="ToArray_EnumerableType_ReturnsArray" time="0.0007817" result="Pass" />
    </collection>
  </assembly>
  <assembly name="C:\Repos\git\Epinova\epinova.elasticsearch-github\Epinova.Elasticsearch\tests\Core.Episerver.Tests\bin\Core.Episerver.Tests.DLL" environment="64-bit .NET 4.0.30319.42000 [collection-per-class, non-parallel]" test-framework="xUnit.net 2.1.0.3179" run-date="2019-08-15" run-time="18:02:17" config-file="C:\Repos\git\Epinova\epinova.elasticsearch-github\Epinova.Elasticsearch\tests\Core.Episerver.Tests\bin\Core.Episerver.Tests.dll.config" total="117" passed="115" failed="0" skipped="2" time="6.560" errors="0">
    <errors />
    <collection total="3" passed="3" failed="0" skipped="0" name="Test collection for Core.Episerver.Tests.Controllers.Abstractions.ElasticSearchControllerBaseTests" time="0.425">
      <test name="Core.Episerver.Tests.Controllers.Abstractions.ElasticSearchControllerBaseTests.Ctor_PopulatesLanguages" type="Core.Episerver.Tests.Controllers.Abstractions.ElasticSearchControllerBaseTests" method="Ctor_PopulatesLanguages" time="0.3840764" result="Pass" />
      <test name="Core.Episerver.Tests.Controllers.Abstractions.ElasticSearchControllerBaseTests.Ctor_PopulatesIndices" type="Core.Episerver.Tests.Controllers.Abstractions.ElasticSearchControllerBaseTests" method="Ctor_PopulatesIndices" time="0.0072479" result="Pass" />
      <test name="Core.Episerver.Tests.Controllers.Abstractions.ElasticSearchControllerBaseTests.OnActionExecuting_FallsBackToFirstLanguage" type="Core.Episerver.Tests.Controllers.Abstractions.ElasticSearchControllerBaseTests" method="OnActionExecuting_FallsBackToFirstLanguage" time="0.0334682" result="Pass" />
    </collection>
    <collection total="1" passed="1" failed="0" skipped="0" name="Test collection for Core.Episerver.Tests.Models.ViewModels.Abstractions.LanguageAwareViewModelBaseTests" time="0.003">
      <test name="Core.Episerver.Tests.Models.ViewModels.Abstractions.LanguageAwareViewModelBaseTests.Ctor_CurrentLanguageIsNull_ReturnsEmptyString" type="Core.Episerver.Tests.Models.ViewModels.Abstractions.LanguageAwareViewModelBaseTests" method="Ctor_CurrentLanguageIsNull_ReturnsEmptyString" time="0.0029824" result="Pass" />
    </collection>
    <collection total="98" passed="96" failed="0" skipped="2" name="ServiceLocatiorCollection" time="3.736">
      <test name="Core.Episerver.Tests.QueryExtensionsTests.Exclude_UsesContentId" type="Core.Episerver.Tests.QueryExtensionsTests" method="Exclude_UsesContentId" time="0.0226997" result="Pass" />
      <test name="Core.Episerver.Tests.QueryExtensionsTests.StartFrom_UsesContentReferenceId" type="Core.Episerver.Tests.QueryExtensionsTests" method="StartFrom_UsesContentReferenceId" time="0.0040331" result="Pass" />
      <test name="Core.Episerver.Tests.QueryExtensionsTests.GetSuggestions_ReturnsHits" type="Core.Episerver.Tests.QueryExtensionsTests" method="GetSuggestions_ReturnsHits" time="0.0270158" result="Pass" />
      <test name="Core.Episerver.Tests.QueryExtensionsTests.Exclude_UsesContentReferenceId" type="Core.Episerver.Tests.QueryExtensionsTests" method="Exclude_UsesContentReferenceId" time="0.0019803" result="Pass" />
      <test name="Core.Episerver.Tests.QueryExtensionsTests.BoostByAncestor_UsesContentReferenceId" type="Core.Episerver.Tests.QueryExtensionsTests" method="BoostByAncestor_UsesContentReferenceId" time="0.0051483" result="Pass" />
      <test name="Core.Episerver.Tests.IndexerTests.ShouldHideFromSearch_InvalidPageLinkType_ReturnsTrue(shortcutType: External)" type="Core.Episerver.Tests.IndexerTests" method="ShouldHideFromSearch_InvalidPageLinkType_ReturnsTrue" time="0.2433747" result="Pass" />
      <test name="Core.Episerver.Tests.IndexerTests.ShouldHideFromSearch_InvalidPageLinkType_ReturnsTrue(shortcutType: Inactive)" type="Core.Episerver.Tests.IndexerTests" method="ShouldHideFromSearch_InvalidPageLinkType_ReturnsTrue" time="0.036514" result="Pass" />
      <test name="Core.Episerver.Tests.IndexerTests.ShouldHideFromSearch_InvalidPageLinkType_ReturnsTrue(shortcutType: Shortcut)" type="Core.Episerver.Tests.IndexerTests" method="ShouldHideFromSearch_InvalidPageLinkType_ReturnsTrue" time="0.023336" result="Pass" />
      <test name="Core.Episerver.Tests.IndexerTests.Update_HasHideFromSearch_IsExcluded" type="Core.Episerver.Tests.IndexerTests" method="Update_HasHideFromSearch_IsExcluded" time="0.0376518" result="Pass" />
      <test name="Core.Episerver.Tests.IndexerTests.Update_TypeWithHideFromSearchProperty_IsNotIndexed" type="Core.Episerver.Tests.IndexerTests" method="Update_TypeWithHideFromSearchProperty_IsNotIndexed" time="0.009903" result="Pass" />
      <test name="Core.Episerver.Tests.IndexerTests.ShouldHideFromSearch_ContentFolder_ReturnsTrue" type="Core.Episerver.Tests.IndexerTests" method="ShouldHideFromSearch_ContentFolder_ReturnsTrue" time="0.0024524" result="Pass" />
      <test name="Core.Episerver.Tests.IndexerTests.Update_SkipsShortcutTypesOtherThanNormalAndFetchData(type: External)" type="Core.Episerver.Tests.IndexerTests" method="Update_SkipsShortcutTypesOtherThanNormalAndFetchData" time="0.0303151" result="Pass" />
      <test name="Core.Episerver.Tests.IndexerTests.Update_SkipsShortcutTypesOtherThanNormalAndFetchData(type: Inactive)" type="Core.Episerver.Tests.IndexerTests" method="Update_SkipsShortcutTypesOtherThanNormalAndFetchData" time="0.0295986" result="Pass" />
      <test name="Core.Episerver.Tests.IndexerTests.Update_SkipsShortcutTypesOtherThanNormalAndFetchData(type: Shortcut)" type="Core.Episerver.Tests.IndexerTests" method="Update_SkipsShortcutTypesOtherThanNormalAndFetchData" time="0.0263468" result="Pass" />
      <test name="Core.Episerver.Tests.IndexerTests.FormsUpload_IsNotIndexed" type="Core.Episerver.Tests.IndexerTests" method="FormsUpload_IsNotIndexed" time="0.0943653" result="Pass" />
      <test name="Core.Episerver.Tests.IndexerTests.BulkUpdate_CallsCoreBulk" type="Core.Episerver.Tests.IndexerTests" method="BulkUpdate_CallsCoreBulk" time="0.444047" result="Pass" />
      <test name="Core.Episerver.Tests.IndexerTests.Update_TypeWithHideFromSearchProperty_DeletesFromIndex" type="Core.Episerver.Tests.IndexerTests" method="Update_TypeWithHideFromSearchProperty_DeletesFromIndex" time="0.0078718" result="Pass" />
      <test name="Core.Episerver.Tests.IndexerTests.ShouldHideFromSearch_HideFromSearchPropertyIsTrue_ReturnsTrue" type="Core.Episerver.Tests.IndexerTests" method="ShouldHideFromSearch_HideFromSearchPropertyIsTrue_ReturnsTrue" time="0.027363" result="Pass" />
      <test name="Core.Episerver.Tests.IndexerTests.Update_HasDeletedStatus_IsExcluded" type="Core.Episerver.Tests.IndexerTests" method="Update_HasDeletedStatus_IsExcluded" time="0.0117894" result="Pass" />
      <test name="Core.Episerver.Tests.IndexerTests.UpdateStructure_UpdatesSelfAndChildren" type="Core.Episerver.Tests.IndexerTests" method="UpdateStructure_UpdatesSelfAndChildren" time="0.1894858" result="Pass" />
      <test name="Core.Episerver.Tests.IndexerTests.ShouldHideFromSearch_ParentInTrash_ReturnsTrue" type="Core.Episerver.Tests.IndexerTests" method="ShouldHideFromSearch_ParentInTrash_ReturnsTrue" time="0.0211967" result="Pass" />
      <test name="Core.Episerver.Tests.IndexerTests.Update_ContentExcludedByRoot_IsNotIndexed" type="Core.Episerver.Tests.IndexerTests" method="Update_ContentExcludedByRoot_IsNotIndexed" time="0.0251601" result="Pass" />
      <test name="Core.Episerver.Tests.IndexerTests.ShouldHideFromSearch_NotPageData_ReturnsFalse" type="Core.Episerver.Tests.IndexerTests" method="ShouldHideFromSearch_NotPageData_ReturnsFalse" time="0.0024341" result="Pass" />
      <test name="Core.Episerver.Tests.IndexerTests.Delete_ContentReference_CallsCoreDelete" type="Core.Episerver.Tests.IndexerTests" method="Delete_ContentReference_CallsCoreDelete" time="0.011383" result="Pass" />
      <test name="Core.Episerver.Tests.IndexerTests.ShouldHideFromSearch_InTrash_ReturnsTrue" type="Core.Episerver.Tests.IndexerTests" method="ShouldHideFromSearch_InTrash_ReturnsTrue" time="0.0216917" result="Pass" />
      <test name="Core.Episerver.Tests.IndexerTests.Update_TypeDecoratedWithExcludeAttribute_IsNotIndexed" type="Core.Episerver.Tests.IndexerTests" method="Update_TypeDecoratedWithExcludeAttribute_IsNotIndexed" time="0.0081488" result="Pass" />
      <test name="Core.Episerver.Tests.IndexerTests.Delete_IConent_CallsCoreDelete" type="Core.Episerver.Tests.IndexerTests" method="Delete_IConent_CallsCoreDelete" time="0.0244621" result="Pass" />
      <test name="Core.Episerver.Tests.IndexerTests.ShouldHideFromSearch_ValidPageLinkType_ReturnsFalse(shortcutType: Normal)" type="Core.Episerver.Tests.IndexerTests" method="ShouldHideFromSearch_ValidPageLinkType_ReturnsFalse" time="0.0215111" result="Pass" />
      <test name="Core.Episerver.Tests.IndexerTests.ShouldHideFromSearch_ValidPageLinkType_ReturnsFalse(shortcutType: FetchData)" type="Core.Episerver.Tests.IndexerTests" method="ShouldHideFromSearch_ValidPageLinkType_ReturnsFalse" time="0.0267743" result="Pass" />
      <test name="Core.Episerver.Tests.IndexerTests.Update_IncludesShortcutTypeNormal" type="Core.Episerver.Tests.IndexerTests" method="Update_IncludesShortcutTypeNormal" time="0.0175974" result="Pass" />
      <test name="Core.Episerver.Tests.IndexerTests.ShouldHideFromSearch_PageDeletedPropertyIsTrue_ReturnsTrue" type="Core.Episerver.Tests.IndexerTests" method="ShouldHideFromSearch_PageDeletedPropertyIsTrue_ReturnsTrue" time="0.0257814" result="Pass" />
      <test name="Core.Episerver.Tests.IndexerTests.Update_ContentWithParentExcludedByRoot_IsNotIndexed" type="Core.Episerver.Tests.IndexerTests" method="Update_ContentWithParentExcludedByRoot_IsNotIndexed" time="0.0097417" result="Pass" />
      <test name="Core.Episerver.Tests.Extensions.ContentExtensionsTests.AsIndexItem_SetsStandardFields(propName: \&quot;Id\&quot;, expectedValue: 100)" type="Core.Episerver.Tests.Extensions.ContentExtensionsTests" method="AsIndexItem_SetsStandardFields" time="0.0341406" result="Pass" />
      <test name="Core.Episerver.Tests.Extensions.ContentExtensionsTests.AsIndexItem_SetsStandardFields(propName: \&quot;ParentLink\&quot;, expectedValue: 200)" type="Core.Episerver.Tests.Extensions.ContentExtensionsTests" method="AsIndexItem_SetsStandardFields" time="0.0320689" result="Pass" />
      <test name="Core.Episerver.Tests.Extensions.ContentExtensionsTests.AsIndexItem_SetsStandardFields(propName: \&quot;Name\&quot;, expectedValue: \&quot;Foo\&quot;)" type="Core.Episerver.Tests.Extensions.ContentExtensionsTests" method="AsIndexItem_SetsStandardFields" time="0.0319074" result="Pass" />
      <test name="Core.Episerver.Tests.Extensions.ContentExtensionsTests.AsIndexItem_SetsStandardFields(propName: \&quot;Type\&quot;, expectedValue: \&quot;EPiServer_Core_PageData\&quot;)" type="Core.Episerver.Tests.Extensions.ContentExtensionsTests" method="AsIndexItem_SetsStandardFields" time="0.0320982" result="Pass" />
      <test name="Core.Episerver.Tests.Extensions.ContentExtensionsTests.AsIndexItem_SetsStandardFields(propName: \&quot;Lang\&quot;, expectedValue: \&quot;no\&quot;)" type="Core.Episerver.Tests.Extensions.ContentExtensionsTests" method="AsIndexItem_SetsStandardFields" time="0.0321559" result="Pass" />
      <test name="Core.Episerver.Tests.Extensions.ContentExtensionsTests.AsIndexItem_AppendsCustomProperties" type="Core.Episerver.Tests.Extensions.ContentExtensionsTests" method="AsIndexItem_AppendsCustomProperties" time="0.248071" result="Pass" />
      <test name="Core.Episerver.Tests.Extensions.ContentExtensionsTests.AsIndexItem_AppendsIndexableProperties(field: \&quot;Lang\&quot;)" type="Core.Episerver.Tests.Extensions.ContentExtensionsTests" method="AsIndexItem_AppendsIndexableProperties" time="0.1403745" result="Pass" />
      <test name="Core.Episerver.Tests.Extensions.ContentExtensionsTests.AsIndexItem_AppendsIndexableProperties(field: \&quot;_bestbets\&quot;)" type="Core.Episerver.Tests.Extensions.ContentExtensionsTests" method="AsIndexItem_AppendsIndexableProperties" time="0.1388676" result="Pass" />
      <test name="Core.Episerver.Tests.Extensions.ContentExtensionsTests.AsIndexItem_AppendsIndexableProperties(field: \&quot;TestProp\&quot;)" type="Core.Episerver.Tests.Extensions.ContentExtensionsTests" method="AsIndexItem_AppendsIndexableProperties" time="0.1400124" result="Pass" />
      <test name="Core.Episerver.Tests.Extensions.ContentExtensionsTests.AsIndexItem_AppendsIndexableProperties(field: \&quot;StemmedProp\&quot;)" type="Core.Episerver.Tests.Extensions.ContentExtensionsTests" method="AsIndexItem_AppendsIndexableProperties" time="0.1375336" result="Pass" />
      <test name="Core.Episerver.Tests.Extensions.ContentExtensionsTests.AsIndexItem_AppendsIndexableProperties(field: \&quot;TestIntProp\&quot;)" type="Core.Episerver.Tests.Extensions.ContentExtensionsTests" method="AsIndexItem_AppendsIndexableProperties" time="0.1370917" result="Pass" />
      <test name="Core.Episerver.Tests.Extensions.ContentExtensionsTests.AsIndexItem_AppendsIndexableProperties(field: \&quot;TestDateProp\&quot;)" type="Core.Episerver.Tests.Extensions.ContentExtensionsTests" method="AsIndexItem_AppendsIndexableProperties" time="0.1365986" result="Pass" />
      <test name="Core.Episerver.Tests.Extensions.ContentExtensionsTests.AsIndexItem_AppendsIndexableProperties(field: \&quot;TestDecimalProp\&quot;)" type="Core.Episerver.Tests.Extensions.ContentExtensionsTests" method="AsIndexItem_AppendsIndexableProperties" time="0.1370496" result="Pass" />
      <test name="Core.Episerver.Tests.Extensions.ContentExtensionsTests.AsIndexItem_SetsTypeHierarchy" type="Core.Episerver.Tests.Extensions.ContentExtensionsTests" method="AsIndexItem_SetsTypeHierarchy" time="0.0342667" result="Pass" />
      <test name="Core.Episerver.Tests.Extensions.ContentExtensionsTests.IsBinary_ReturnsCorrectFlag(ext: \&quot;jpg\&quot;, expected: True)" type="Core.Episerver.Tests.Extensions.ContentExtensionsTests" method="IsBinary_ReturnsCorrectFlag" time="0.0211668" result="Pass" />
      <test name="Core.Episerver.Tests.Extensions.ContentExtensionsTests.IsBinary_ReturnsCorrectFlag(ext: \&quot;exe\&quot;, expected: True)" type="Core.Episerver.Tests.Extensions.ContentExtensionsTests" method="IsBinary_ReturnsCorrectFlag" time="0.0186328" result="Pass" />
      <test name="Core.Episerver.Tests.Extensions.ContentExtensionsTests.IsBinary_ReturnsCorrectFlag(ext: \&quot;pdf\&quot;, expected: False)" type="Core.Episerver.Tests.Extensions.ContentExtensionsTests" method="IsBinary_ReturnsCorrectFlag" time="0.0185358" result="Pass" />
      <test name="Core.Episerver.Tests.Extensions.ContentExtensionsTests.IsBinary_ReturnsCorrectFlag(ext: \&quot;docx\&quot;, expected: False)" type="Core.Episerver.Tests.Extensions.ContentExtensionsTests" method="IsBinary_ReturnsCorrectFlag" time="0.0187396" result="Pass" />
      <test name="Core.Episerver.Tests.Extensions.ContentExtensionsTests.GetContentResults_ReturnsHits" type="Core.Episerver.Tests.Extensions.ContentExtensionsTests" method="GetContentResults_ReturnsHits" time="0" result="Skip">
        <reason><![CDATA[Shared state issue]]></reason>
      </test>
      <test name="Core.Episerver.Tests.Extensions.ContentExtensionsTests.AsIndexItem_AppendsDefaultFields(field: \&quot;Id\&quot;)" type="Core.Episerver.Tests.Extensions.ContentExtensionsTests" method="AsIndexItem_AppendsDefaultFields" time="0.0301293" result="Pass" />
      <test name="Core.Episerver.Tests.Extensions.ContentExtensionsTests.AsIndexItem_AppendsDefaultFields(field: \&quot;Indexed\&quot;)" type="Core.Episerver.Tests.Extensions.ContentExtensionsTests" method="AsIndexItem_AppendsDefaultFields" time="0.0317333" result="Pass" />
      <test name="Core.Episerver.Tests.Extensions.ContentExtensionsTests.AsIndexItem_AppendsDefaultFields(field: \&quot;Name\&quot;)" type="Core.Episerver.Tests.Extensions.ContentExtensionsTests" method="AsIndexItem_AppendsDefaultFields" time="0.0319917" result="Pass" />
      <test name="Core.Episerver.Tests.Extensions.ContentExtensionsTests.AsIndexItem_AppendsDefaultFields(field: \&quot;Type\&quot;)" type="Core.Episerver.Tests.Extensions.ContentExtensionsTests" method="AsIndexItem_AppendsDefaultFields" time="0.0318216" result="Pass" />
      <test name="Core.Episerver.Tests.Extensions.ContentExtensionsTests.AsIndexItem_AppendsDefaultFields(field: \&quot;Types\&quot;)" type="Core.Episerver.Tests.Extensions.ContentExtensionsTests" method="AsIndexItem_AppendsDefaultFields" time="0.0322647" result="Pass" />
      <test name="Core.Episerver.Tests.Extensions.ContentExtensionsTests.AsIndexItem_AppendsDefaultFields(field: \&quot;ParentLink\&quot;)" type="Core.Episerver.Tests.Extensions.ContentExtensionsTests" method="AsIndexItem_AppendsDefaultFields" time="0.0317063" result="Pass" />
      <test name="Core.Episerver.Tests.Extensions.ContentExtensionsTests.AsIndexItem_AppendsDefaultFields(field: \&quot;StartPublish\&quot;)" type="Core.Episerver.Tests.Extensions.ContentExtensionsTests" method="AsIndexItem_AppendsDefaultFields" time="0.0324079" result="Pass" />
      <test name="Core.Episerver.Tests.Extensions.ContentExtensionsTests.AsIndexItem_AppendsDefaultFields(field: \&quot;StopPublish\&quot;)" type="Core.Episerver.Tests.Extensions.ContentExtensionsTests" method="AsIndexItem_AppendsDefaultFields" time="0.0343746" result="Pass" />
      <test name="Core.Episerver.Tests.Extensions.ContentExtensionsTests.AsIndexItem_AppendsDefaultFields(field: \&quot;Path\&quot;)" type="Core.Episerver.Tests.Extensions.ContentExtensionsTests" method="AsIndexItem_AppendsDefaultFields" time="0.0316694" result="Pass" />
      <test name="Core.Episerver.Tests.Extensions.ContentExtensionsTests.AsIndexItem_AppendsDefaultFields(field: \&quot;Created\&quot;)" type="Core.Episerver.Tests.Extensions.ContentExtensionsTests" method="AsIndexItem_AppendsDefaultFields" time="0.0316709" result="Pass" />
      <test name="Core.Episerver.Tests.Extensions.ContentExtensionsTests.AsIndexItem_AppendsDefaultFields(field: \&quot;Changed\&quot;)" type="Core.Episerver.Tests.Extensions.ContentExtensionsTests" method="AsIndexItem_AppendsDefaultFields" time="0.0319493" result="Pass" />
      <test name="Core.Episerver.Tests.Extensions.ContentExtensionsTests.AsIndexItem_AppendsDefaultFields(field: \&quot;_acl\&quot;)" type="Core.Episerver.Tests.Extensions.ContentExtensionsTests" method="AsIndexItem_AppendsDefaultFields" time="0.0318954" result="Pass" />
      <test name="Core.Episerver.Tests.Extensions.TypeExtensionsTests.GetInheritancHierarchyArray_ValidType_ReturnsExpectedArray" type="Core.Episerver.Tests.Extensions.TypeExtensionsTests" method="GetInheritancHierarchyArray_ValidType_ReturnsExpectedArray" time="0.0044422" result="Pass" />
      <test name="Core.Episerver.Tests.Extensions.TypeExtensionsTests.IsAnonymousType_NonAnonymousType_ReturnsFalse" type="Core.Episerver.Tests.Extensions.TypeExtensionsTests" method="IsAnonymousType_NonAnonymousType_ReturnsFalse" time="0.0007666" result="Pass" />
      <test name="Core.Episerver.Tests.Extensions.TypeExtensionsTests.GetShortTypeName_InvalidType_ReturnsInstance(type: null)" type="Core.Episerver.Tests.Extensions.TypeExtensionsTests" method="GetShortTypeName_InvalidType_ReturnsInstance" time="0.0008765" result="Pass" />
      <test name="Core.Episerver.Tests.Extensions.TypeExtensionsTests.GetShortTypeName_InvalidType_ReturnsInstance(type: \&quot;\&quot;)" type="Core.Episerver.Tests.Extensions.TypeExtensionsTests" method="GetShortTypeName_InvalidType_ReturnsInstance" time="0.0000658" result="Pass" />
      <test name="Core.Episerver.Tests.Extensions.TypeExtensionsTests.GetShortTypeName_InvalidType_ReturnsInstance(type: \&quot; \&quot;)" type="Core.Episerver.Tests.Extensions.TypeExtensionsTests" method="GetShortTypeName_InvalidType_ReturnsInstance" time="0.0001805" result="Pass" />
      <test name="Core.Episerver.Tests.Extensions.TypeExtensionsTests.GetShortTypeName_InvalidType_ReturnsInstance(type: \&quot;a a\&quot;)" type="Core.Episerver.Tests.Extensions.TypeExtensionsTests" method="GetShortTypeName_InvalidType_ReturnsInstance" time="0.000107" result="Pass" />
      <test name="Core.Episerver.Tests.Extensions.TypeExtensionsTests.GetShortTypeName_InvalidType_ReturnsInstance(type: \&quot;aaa\&quot;)" type="Core.Episerver.Tests.Extensions.TypeExtensionsTests" method="GetShortTypeName_InvalidType_ReturnsInstance" time="0.0003286" result="Pass" />
      <test name="Core.Episerver.Tests.Extensions.TypeExtensionsTests.GetUnproxiedType_TypeIsNotProxyTargetAccessor_ReturnsType" type="Core.Episerver.Tests.Extensions.TypeExtensionsTests" method="GetUnproxiedType_TypeIsNotProxyTargetAccessor_ReturnsType" time="0.0024749" result="Pass" />
      <test name="Core.Episerver.Tests.Extensions.TypeExtensionsTests.GetShortTypeName_ValidType_ReturnsLastSegment(type: \&quot;foo_bar\&quot;, expected: \&quot;bar\&quot;)" type="Core.Episerver.Tests.Extensions.TypeExtensionsTests" method="GetShortTypeName_ValidType_ReturnsLastSegment" time="0.0006843" result="Pass" />
      <test name="Core.Episerver.Tests.Extensions.TypeExtensionsTests.GetShortTypeName_ValidType_ReturnsLastSegment(type: \&quot;EPiServer_Core_PageData\&quot;, expected: \&quot;PageData\&quot;)" type="Core.Episerver.Tests.Extensions.TypeExtensionsTests" method="GetShortTypeName_ValidType_ReturnsLastSegment" time="0.0003271" result="Pass" />
      <test name="Core.Episerver.Tests.Extensions.TypeExtensionsTests.GetShortTypeName_ValidType_ReturnsLastSegment(type: \&quot;TestData_ITestPage\&quot;, expected: \&quot;ITestPage\&quot;)" type="Core.Episerver.Tests.Extensions.TypeExtensionsTests" method="GetShortTypeName_ValidType_ReturnsLastSegment" time="0.0002432" result="Pass" />
      <test name="Core.Episerver.Tests.Extensions.TypeExtensionsTests.GetInheritancHierarchyArray_Null_ReturnsEmptyArray" type="Core.Episerver.Tests.Extensions.TypeExtensionsTests" method="GetInheritancHierarchyArray_Null_ReturnsEmptyArray" time="0.0017746" result="Pass" />
      <test name="Core.Episerver.Tests.Extensions.TypeExtensionsTests.GetTypeName_NullType_ReturnsEmptyString" type="Core.Episerver.Tests.Extensions.TypeExtensionsTests" method="GetTypeName_NullType_ReturnsEmptyString" time="0.0007605" result="Pass" />
      <test name="Core.Episerver.Tests.Extensions.TypeExtensionsTests.GetTypeName_ValidType_ReturnsExpectedName(type: typeof(TestData.TestPage), expected: \&quot;TestData_TestPage\&quot;)" type="Core.Episerver.Tests.Extensions.TypeExtensionsTests" method="GetTypeName_ValidType_ReturnsExpectedName" time="0.0006366" result="Pass" />
      <test name="Core.Episerver.Tests.Extensions.TypeExtensionsTests.GetTypeName_ValidType_ReturnsExpectedName(type: typeof(EPiServer.Core.PageData), expected: \&quot;EPiServer_Core_PageData\&quot;)" type="Core.Episerver.Tests.Extensions.TypeExtensionsTests" method="GetTypeName_ValidType_ReturnsExpectedName" time="0.000481" result="Pass" />
      <test name="Core.Episerver.Tests.Extensions.TypeExtensionsTests.GetTypeName_ValidType_ReturnsExpectedName(type: typeof(EPiServer.Core.ILocale), expected: \&quot;EPiServer_Core_ILocale\&quot;)" type="Core.Episerver.Tests.Extensions.TypeExtensionsTests" method="GetTypeName_ValidType_ReturnsExpectedName" time="0.0004834" result="Pass" />
      <test name="Core.Episerver.Tests.Extensions.TypeExtensionsTests.IsAnonymousType_AnonymousType_ReturnsTrue" type="Core.Episerver.Tests.Extensions.TypeExtensionsTests" method="IsAnonymousType_AnonymousType_ReturnsTrue" time="0.0008819" result="Pass" />
      <test name="Core.Episerver.Tests.Events.IndexingEventsTests.UpdateIndex_AclChangeOnPublishedContent_CallsUpdate" type="Core.Episerver.Tests.Events.IndexingEventsTests" method="UpdateIndex_AclChangeOnPublishedContent_CallsUpdate" time="0" result="Skip">
        <reason><![CDATA[Shared state issue in CI]]></reason>
      </test>
      <test name="Core.Episerver.Tests.Events.IndexingEventsTests.UpdateIndex_PublishEvent_CallsUpdate" type="Core.Episerver.Tests.Events.IndexingEventsTests" method="UpdateIndex_PublishEvent_CallsUpdate" time="0.0475753" result="Pass" />
      <test name="Core.Episerver.Tests.Events.IndexingEventsTests.DeleteFromIndex_MissingContentlink_DoesNotCallDelete" type="Core.Episerver.Tests.Events.IndexingEventsTests" method="DeleteFromIndex_MissingContentlink_DoesNotCallDelete" time="0.0028461" result="Pass" />
      <test name="Core.Episerver.Tests.Events.IndexingEventsTests.UpdateIndex_AclChangeOnUnpublishedContent_DoesNotCallUpdate" type="Core.Episerver.Tests.Events.IndexingEventsTests" method="UpdateIndex_AclChangeOnUnpublishedContent_DoesNotCallUpdate" time="0.0282606" result="Pass" />
      <test name="Core.Episerver.Tests.Events.IndexingEventsTests.UpdateIndex_PageInWasteBasket_CallsDelete" type="Core.Episerver.Tests.Events.IndexingEventsTests" method="UpdateIndex_PageInWasteBasket_CallsDelete" time="0.026514" result="Pass" />
      <test name="Core.Episerver.Tests.Events.IndexingEventsTests.UpdateIndex_MoveWithDescendents_UpdatesAll" type="Core.Episerver.Tests.Events.IndexingEventsTests" method="UpdateIndex_MoveWithDescendents_UpdatesAll" time="0.0844693" result="Pass" />
      <test name="Core.Episerver.Tests.Events.IndexingEventsTests.DeleteFromIndex_ValidContentlink_CallsDelete" type="Core.Episerver.Tests.Events.IndexingEventsTests" method="DeleteFromIndex_ValidContentlink_CallsDelete" time="0.0215788" result="Pass" />
      <test name="Core.Episerver.Tests.Controllers.ElasticAdminControllerTests.Index_GetsIndices" type="Core.Episerver.Tests.Controllers.ElasticAdminControllerTests" method="Index_GetsIndices" time="0.0362777" result="Pass" />
      <test name="Core.Episerver.Tests.Controllers.ElasticAdminControllerTests.Index_GetsNodeInfo" type="Core.Episerver.Tests.Controllers.ElasticAdminControllerTests" method="Index_GetsNodeInfo" time="0.0097046" result="Pass" />
      <test name="Core.Episerver.Tests.Controllers.ElasticAdminControllerTests.Index_GetsClusterHealth" type="Core.Episerver.Tests.Controllers.ElasticAdminControllerTests" method="Index_GetsClusterHealth" time="0.0086634" result="Pass" />
      <test name="Core.Episerver.Tests.Controllers.SynonymsControllerTests.Add_MissingInput_DoesNothing(from: \&quot;foo\&quot;, to: \&quot;\&quot;)" type="Core.Episerver.Tests.Controllers.SynonymsControllerTests" method="Add_MissingInput_DoesNothing" time="0.0197855" result="Pass" />
      <test name="Core.Episerver.Tests.Controllers.SynonymsControllerTests.Add_MissingInput_DoesNothing(from: \&quot;\&quot;, to: \&quot;bar\&quot;)" type="Core.Episerver.Tests.Controllers.SynonymsControllerTests" method="Add_MissingInput_DoesNothing" time="0.0068638" result="Pass" />
      <test name="Core.Episerver.Tests.Controllers.SynonymsControllerTests.Add_MissingInput_DoesNothing(from: null, to: null)" type="Core.Episerver.Tests.Controllers.SynonymsControllerTests" method="Add_MissingInput_DoesNothing" time="0.0069874" result="Pass" />
      <test name="Core.Episerver.Tests.Controllers.SynonymsControllerTests.Index_GetsEnabledLanguages" type="Core.Episerver.Tests.Controllers.SynonymsControllerTests" method="Index_GetsEnabledLanguages" time="0.0183096" result="Pass" />
      <test name="Core.Episerver.Tests.Controllers.SynonymsControllerTests.Delete_RemovesSynonym(from: \&quot;foo\&quot;, to: \&quot;bar\&quot;, twoway: False)" type="Core.Episerver.Tests.Controllers.SynonymsControllerTests" method="Delete_RemovesSynonym" time="0.0129187" result="Pass" />
      <test name="Core.Episerver.Tests.Controllers.SynonymsControllerTests.Delete_RemovesSynonym(from: \&quot;lol\&quot;, to: \&quot;baz\&quot;, twoway: True)" type="Core.Episerver.Tests.Controllers.SynonymsControllerTests" method="Delete_RemovesSynonym" time="0.0091754" result="Pass" />
      <test name="Core.Episerver.Tests.Controllers.SynonymsControllerTests.Add_ValidInput_CallsRepository(from: \&quot;foo\&quot;, to: \&quot;bar\&quot;, twoway: True)" type="Core.Episerver.Tests.Controllers.SynonymsControllerTests" method="Add_ValidInput_CallsRepository" time="0.0081794" result="Pass" />
      <test name="Core.Episerver.Tests.Controllers.SynonymsControllerTests.Add_ValidInput_CallsRepository(from: \&quot;omg\&quot;, to: \&quot;lol\&quot;, twoway: False)" type="Core.Episerver.Tests.Controllers.SynonymsControllerTests" method="Add_ValidInput_CallsRepository" time="0.0087472" result="Pass" />
    </collection>
    <collection total="10" passed="10" failed="0" skipped="0" name="Test collection for Core.Episerver.Tests.Controllers.AutoSuggestControllerTests" time="0.087">
      <test name="Core.Episerver.Tests.Controllers.AutoSuggestControllerTests.AddWord_ValidInput_CallsRepository(word: \&quot;foo\&quot;)" type="Core.Episerver.Tests.Controllers.AutoSuggestControllerTests" method="AddWord_ValidInput_CallsRepository" time="0.0090573" result="Pass" />
      <test name="Core.Episerver.Tests.Controllers.AutoSuggestControllerTests.AddWord_ValidInput_CallsRepository(word: \&quot;høyesterettsjustitiarius\&quot;)" type="Core.Episerver.Tests.Controllers.AutoSuggestControllerTests" method="AddWord_ValidInput_CallsRepository" time="0.0086219" result="Pass" />
      <test name="Core.Episerver.Tests.Controllers.AutoSuggestControllerTests.Index_GetsEnabledLanguages" type="Core.Episerver.Tests.Controllers.AutoSuggestControllerTests" method="Index_GetsEnabledLanguages" time="0.0121784" result="Pass" />
      <test name="Core.Episerver.Tests.Controllers.AutoSuggestControllerTests.Delete_RemovesWord(word: \&quot;foo\&quot;)" type="Core.Episerver.Tests.Controllers.AutoSuggestControllerTests" method="Delete_RemovesWord" time="0.0088432" result="Pass" />
      <test name="Core.Episerver.Tests.Controllers.AutoSuggestControllerTests.Delete_RemovesWord(word: \&quot;høyesterettsjustitiarius\&quot;)" type="Core.Episerver.Tests.Controllers.AutoSuggestControllerTests" method="Delete_RemovesWord" time="0.0080429" result="Pass" />
      <test name="Core.Episerver.Tests.Controllers.AutoSuggestControllerTests.AddWord_MissingInput_DoesNothing(word: \&quot;\&quot;)" type="Core.Episerver.Tests.Controllers.AutoSuggestControllerTests" method="AddWord_MissingInput_DoesNothing" time="0.006553" result="Pass" />
      <test name="Core.Episerver.Tests.Controllers.AutoSuggestControllerTests.AddWord_MissingInput_DoesNothing(word: \&quot; \&quot;)" type="Core.Episerver.Tests.Controllers.AutoSuggestControllerTests" method="AddWord_MissingInput_DoesNothing" time="0.0081944" result="Pass" />
      <test name="Core.Episerver.Tests.Controllers.AutoSuggestControllerTests.AddWord_MissingInput_DoesNothing(word: null)" type="Core.Episerver.Tests.Controllers.AutoSuggestControllerTests" method="AddWord_MissingInput_DoesNothing" time="0.0078435" result="Pass" />
      <test name="Core.Episerver.Tests.Controllers.AutoSuggestControllerTests.AddWord_InputWithSeparator_StripsSeparator(word: \&quot;foo|bar\&quot;)" type="Core.Episerver.Tests.Controllers.AutoSuggestControllerTests" method="AddWord_InputWithSeparator_StripsSeparator" time="0.008284" result="Pass" />
      <test name="Core.Episerver.Tests.Controllers.AutoSuggestControllerTests.AddWord_InputWithSeparator_StripsSeparator(word: \&quot;høyesteretts|justitiarius\&quot;)" type="Core.Episerver.Tests.Controllers.AutoSuggestControllerTests" method="AddWord_InputWithSeparator_StripsSeparator" time="0.0092919" result="Pass" />
    </collection>
    <collection total="5" passed="5" failed="0" skipped="0" name="Test collection for Core.Episerver.Tests.Controllers.IndexerControllerTests" time="0.045">
      <test name="Core.Episerver.Tests.Controllers.IndexerControllerTests.UpdateItem_InvalidContentReference_ReturnsError(id: null)" type="Core.Episerver.Tests.Controllers.IndexerControllerTests" method="UpdateItem_InvalidContentReference_ReturnsError" time="0.0061265" result="Pass" />
      <test name="Core.Episerver.Tests.Controllers.IndexerControllerTests.UpdateItem_InvalidContentReference_ReturnsError(id: \&quot;\&quot;)" type="Core.Episerver.Tests.Controllers.IndexerControllerTests" method="UpdateItem_InvalidContentReference_ReturnsError" time="0.0032405" result="Pass" />
      <test name="Core.Episerver.Tests.Controllers.IndexerControllerTests.UpdateItem_InvalidContentReference_ReturnsError(id: \&quot; \&quot;)" type="Core.Episerver.Tests.Controllers.IndexerControllerTests" method="UpdateItem_InvalidContentReference_ReturnsError" time="0.0007224" result="Pass" />
      <test name="Core.Episerver.Tests.Controllers.IndexerControllerTests.UpdateItem_InvalidContentReference_ReturnsError(id: \&quot;foo\&quot;)" type="Core.Episerver.Tests.Controllers.IndexerControllerTests" method="UpdateItem_InvalidContentReference_ReturnsError" time="0.0006997" result="Pass" />
      <test name="Core.Episerver.Tests.Controllers.IndexerControllerTests.UpdateItem_ValidContent_ReturnsOk" type="Core.Episerver.Tests.Controllers.IndexerControllerTests" method="UpdateItem_ValidContent_ReturnsOk" time="0.0342194" result="Pass" />
    </collection>
  </assembly>
</assemblies>